2018-05-15 19:49:13,390 INFO  [Com.Nidec.Mes.Common.Basic.MachineMaintenance.Form.WarehouseVTForm] [mmce00001]Record is already registered
2018-05-15 19:49:19,609 INFO  [Com.Nidec.Mes.Common.Basic.MachineMaintenance.Form.WarehouseVTForm] [mmce00001]Record is already registered
2018-05-15 19:49:25,299 INFO  [Com.Nidec.Mes.Framework.Login.LoginForm] [llce00001]Login Click. End : 5/15/2018 7:49:25 PM
2018-05-15 19:59:23,603 INFO  [Com.Nidec.Mes.Framework.Login.LoginForm] [llce00001]Login Click. Start : 5/15/2018 7:59:23 PM
2018-05-15 20:00:20,808 INFO  [Com.Nidec.Mes.Common.Basic.MachineMaintenance.Form.AddNewMachineVT] [mmce00001]Record is already registered
2018-05-15 20:01:05,279 INFO  [Com.Nidec.Mes.Framework.Login.LoginForm] [llce00001]Login Click. End : 5/15/2018 8:01:05 PM
2018-05-15 20:05:51,770 INFO  [Com.Nidec.Mes.Framework.Login.LoginForm] [llce00001]Login Click. Start : 5/15/2018 8:05:51 PM
2018-05-15 20:06:20,436 INFO  [Com.Nidec.Mes.Common.Basic.MachineMaintenance.Form.AddNewMachineVT] [mmce00001]Record is already registered
2018-05-15 20:07:36,904 INFO  [Com.Nidec.Mes.Common.Basic.MachineMaintenance.Form.AddNewMachineVT] [mmce00001]Record is already registered
2018-05-15 20:07:49,865 INFO  [Com.Nidec.Mes.Framework.Login.LoginForm] [llce00001]Login Click. End : 5/15/2018 8:07:49 PM
2018-05-15 20:08:46,882 INFO  [Com.Nidec.Mes.Framework.Login.LoginForm] [llce00001]Login Click. Start : 5/15/2018 8:08:46 PM
2018-05-15 20:08:58,541 INFO  [Com.Nidec.Mes.Common.Basic.MachineMaintenance.Form.WarehouseVTForm] [mmce00001]Record is already registered
2018-05-15 20:09:04,886 INFO  [Com.Nidec.Mes.Common.Basic.MachineMaintenance.Form.WarehouseVTForm] [mmce00001]Record is already registered
2018-05-15 20:12:42,272 INFO  [Com.Nidec.Mes.Framework.Login.LoginForm] [llce00001]Login Click. Start : 5/15/2018 8:12:42 PM
2018-05-15 20:13:49,412 INFO  [Com.Nidec.Mes.Framework.Login.LoginForm] [llce00001]Login Click. End : 5/15/2018 8:13:49 PM
2018-05-15 20:16:08,732 INFO  [Com.Nidec.Mes.Framework.Login.LoginForm] [llce00001]Login Click. Start : 5/15/2018 8:16:08 PM
2018-05-15 20:16:51,961 INFO  [Com.Nidec.Mes.Framework.Login.LoginForm] [llce00001]Login Click. End : 5/15/2018 8:16:51 PM
2018-05-15 20:17:38,381 INFO  [Com.Nidec.Mes.Framework.Login.LoginForm] [llce00001]Login Click. Start : 5/15/2018 8:17:38 PM
2018-05-15 20:18:16,510 INFO  [Com.Nidec.Mes.Framework.Login.LoginForm] [llce00001]Login Click. End : 5/15/2018 8:18:16 PM
2018-05-15 20:18:49,199 INFO  [Com.Nidec.Mes.Framework.Login.LoginForm] [llce00001]Login Click. Start : 5/15/2018 8:18:49 PM
2018-05-15 20:20:52,755 INFO  [Com.Nidec.Mes.Framework.Login.LoginForm] [llce00001]Login Click. Start : 5/15/2018 8:20:52 PM
2018-05-15 20:22:05,318 INFO  [Com.Nidec.Mes.Framework.Login.LoginForm] [llce00001]Login Click. End : 5/15/2018 8:22:05 PM
2018-05-15 20:26:56,192 INFO  [Com.Nidec.Mes.Framework.Login.LoginForm] [llce00001]Login Click. Start : 5/15/2018 8:26:56 PM
2018-05-15 20:27:54,618 INFO  [Com.Nidec.Mes.Framework.Login.LoginForm] [llce00001]Login Click. End : 5/15/2018 8:27:54 PM
2018-05-15 20:29:00,747 INFO  [Com.Nidec.Mes.Framework.Login.LoginForm] [llce00001]Login Click. Start : 5/15/2018 8:29:00 PM
2018-05-15 20:29:26,602 INFO  [Com.Nidec.Mes.Framework.Login.LoginForm] [llce00001]Login Click. End : 5/15/2018 8:29:26 PM
2018-05-15 20:29:46,665 INFO  [Com.Nidec.Mes.Framework.Login.LoginForm] [llce00001]Login Click. Start : 5/15/2018 8:29:46 PM
2018-05-15 20:29:56,629 INFO  [Com.Nidec.Mes.Framework.Login.LoginForm] [llce00001]Login Click. End : 5/15/2018 8:29:56 PM
2018-05-15 20:31:15,917 INFO  [Com.Nidec.Mes.Framework.Login.LoginForm] [llce00001]Login Click. Start : 5/15/2018 8:31:15 PM
2018-05-15 20:31:38,550 INFO  [Com.Nidec.Mes.Framework.Login.LoginForm] [llce00001]Login Click. End : 5/15/2018 8:31:38 PM
2018-05-17 20:36:23,538 INFO  [Com.Nidec.Mes.Framework.Login.LoginForm] [llce00001]Login Click. Start : 5/17/2018 8:36:23 PM
2018-05-17 20:37:45,927 INFO  [Com.Nidec.Mes.Common.Basic.MachineMaintenance.Form.WarehouseVTForm] [mmce00001]Record is already registered
2018-05-17 20:37:50,849 INFO  [Com.Nidec.Mes.Framework.Login.LoginForm] [llce00001]Login Click. End : 5/17/2018 8:37:50 PM
2018-05-17 20:41:36,166 INFO  [Com.Nidec.Mes.Framework.Login.LoginForm] [llce00001]Login Click. Start : 5/17/2018 8:41:36 PM
2018-05-17 20:41:36,962 INFO  [Com.Nidec.Mes.Framework.Login.LoginForm] [llce00004]Please provide  valid input.
2018-05-17 20:41:37,947 INFO  [Com.Nidec.Mes.Framework.Login.LoginForm] [llce00001]Login Click. End : 5/17/2018 8:41:37 PM
2018-05-17 20:41:42,292 INFO  [Com.Nidec.Mes.Framework.Login.LoginForm] [llce00001]Login Click. Start : 5/17/2018 8:41:42 PM
2018-05-17 20:47:22,613 INFO  [Com.Nidec.Mes.Framework.Login.LoginForm] [llce00001]Login Click. End : 5/17/2018 8:47:22 PM
2018-05-17 20:47:33,967 INFO  [Com.Nidec.Mes.Framework.Login.LoginForm] [llce00001]Login Click. Start : 5/17/2018 8:47:33 PM
2018-05-17 20:48:50,726 INFO  [Com.Nidec.Mes.Framework.Login.LoginForm] [llce00001]Login Click. End : 5/17/2018 8:48:50 PM
2018-05-17 20:50:20,888 INFO  [Com.Nidec.Mes.Framework.Login.LoginForm] [llce00001]Login Click. Start : 5/17/2018 8:50:20 PM
2018-05-17 20:52:20,728 INFO  [Com.Nidec.Mes.Common.Basic.MachineMaintenance.Form.WarehouseVTForm] [mmce00001]Record is already registered
2018-05-17 20:53:04,693 INFO  [Com.Nidec.Mes.Framework.Login.LoginForm] [llce00001]Login Click. End : 5/17/2018 8:53:04 PM
2018-05-17 21:06:46,720 INFO  [Com.Nidec.Mes.Framework.Login.LoginForm] [llce00001]Login Click. Start : 5/17/2018 9:06:46 PM
2018-05-17 21:09:23,117 INFO  [Com.Nidec.Mes.Framework.Login.LoginForm] [llce00001]Login Click. End : 5/17/2018 9:09:23 PM
2018-05-17 21:12:18,635 INFO  [Com.Nidec.Mes.Framework.Login.LoginForm] [llce00001]Login Click. Start : 5/17/2018 9:12:18 PM
2018-05-18 19:45:14,860 INFO  [Com.Nidec.Mes.Framework.Login.LoginForm] [llce00001]Login Click. Start : 5/18/2018 7:45:14 PM
2018-05-18 19:48:04,907 INFO  [Com.Nidec.Mes.Framework.Login.LoginForm] [llce00001]Login Click. End : 5/18/2018 7:48:04 PM
2018-05-18 21:37:51,986 INFO  [Com.Nidec.Mes.Framework.Login.LoginForm] [llce00001]Login Click. Start : 5/18/2018 9:37:51 PM
2018-05-18 21:38:32,569 INFO  [Com.Nidec.Mes.Framework.Login.LoginForm] [llce00001]Login Click. End : 5/18/2018 9:38:32 PM
2018-05-18 21:41:01,424 INFO  [Com.Nidec.Mes.Framework.Login.LoginForm] [llce00001]Login Click. Start : 5/18/2018 9:41:01 PM
2018-05-18 21:54:54,542 INFO  [Com.Nidec.Mes.Framework.Login.LoginForm] [llce00001]Login Click. Start : 5/18/2018 9:54:54 PM
2018-05-23 20:25:27,827 INFO  [Com.Nidec.Mes.Framework.Login.LoginForm] [llce00001]Login Click. Start : 5/23/2018 8:25:27 PM
2018-05-23 20:25:55,314 INFO  [Com.Nidec.Mes.Framework.Login.LoginForm] [llce00001]Login Click. End : 5/23/2018 8:25:55 PM
2018-05-24 20:35:13,113 INFO  [Com.Nidec.Mes.Framework.Login.LoginForm] [llce00001]Login Click. Start : 5/24/2018 8:35:13 PM
2018-05-24 20:36:17,317 INFO  [Com.Nidec.Mes.Common.Basic.MachineMaintenance.Form.AddNewMachineVT] [mmce00001]Record is already registered
2018-05-24 20:36:36,536 INFO  [Com.Nidec.Mes.Common.Basic.MachineMaintenance.Form.WarehouseVTForm] [mmce00001]Record is already registered
2018-05-24 20:36:44,995 INFO  [Com.Nidec.Mes.Framework.Login.LoginForm] [llce00001]Login Click. End : 5/24/2018 8:36:44 PM
2018-05-25 18:51:00,696 INFO  [Com.Nidec.Mes.Framework.Login.LoginForm] [llce00001]Login Click. Start : 5/25/2018 6:51:00 PM
2018-05-25 18:52:37,898 INFO  [Com.Nidec.Mes.Framework.Login.LoginForm] [llce00001]Login Click. End : 5/25/2018 6:52:37 PM
2018-05-25 19:21:03,887 INFO  [Com.Nidec.Mes.Framework.Login.LoginForm] [llce00001]Login Click. Start : 5/25/2018 7:21:03 PM
2018-05-25 19:24:31,398 INFO  [Com.Nidec.Mes.Framework.Login.LoginForm] [llce00001]Login Click. Start : 5/25/2018 7:24:31 PM
2018-05-25 19:44:55,118 INFO  [Com.Nidec.Mes.Framework.Login.LoginForm] [llce00001]Login Click. Start : 5/25/2018 7:44:55 PM
2018-05-25 19:47:28,205 INFO  [Com.Nidec.Mes.Framework.Login.LoginForm] [llce00001]Login Click. End : 5/25/2018 7:47:28 PM
2018-05-25 19:52:34,487 INFO  [Com.Nidec.Mes.Framework.Login.LoginForm] [llce00001]Login Click. Start : 5/25/2018 7:52:34 PM
2018-05-25 19:54:24,656 INFO  [Com.Nidec.Mes.Framework.Login.LoginForm] [llce00001]Login Click. End : 5/25/2018 7:54:24 PM
2018-05-25 21:56:56,762 INFO  [Com.Nidec.Mes.Framework.Login.LoginForm] [llce00001]Login Click. Start : 5/25/2018 9:56:56 PM
2018-05-25 21:56:59,090 INFO  [Com.Nidec.Mes.Framework.Login.LoginForm] [llce00004]Please provide  valid input.
2018-05-25 21:57:00,264 INFO  [Com.Nidec.Mes.Framework.Login.LoginForm] [llce00001]Login Click. End : 5/25/2018 9:57:00 PM
2018-05-25 21:57:03,022 INFO  [Com.Nidec.Mes.Framework.Login.LoginForm] [llce00001]Login Click. Start : 5/25/2018 9:57:03 PM
2018-05-25 21:58:19,815 INFO  [Com.Nidec.Mes.Framework.Login.LoginForm] [llce00001]Login Click. End : 5/25/2018 9:58:19 PM
2018-05-26 08:33:39,198 INFO  [Com.Nidec.Mes.Framework.Login.LoginForm] [llce00001]Login Click. Start : 2018-05-26 08:33:39
2018-05-26 08:34:06,936 INFO  [Com.Nidec.Mes.GlobalMasterMaintenance.FormCommonMaster] [mmci00004][Void FormCommonMaster_Load(System.Object, System.EventArgs)].[FormName : Authority Control Master].[LoginUser : Administrator] Start.
2018-05-26 08:34:11,204 INFO  [Com.Nidec.Mes.GlobalMasterMaintenance.FormCommonMaster] [mmci00005][Void FormCommonMaster_FormClosed(System.Object, System.Windows.Forms.FormClosedEventArgs)].[FormName : Authority Control Master].[LoginUser : Administrator] End.
2018-05-26 08:34:12,577 INFO  [Com.Nidec.Mes.Framework.Login.LoginForm] [llce00001]Login Click. End : 2018-05-26 08:34:12
2018-05-26 08:34:33,823 INFO  [Com.Nidec.Mes.Framework.Login.LoginForm] [llce00001]Login Click. Start : 2018-05-26 08:34:33
2018-05-26 08:34:34,636 INFO  [Com.Nidec.Mes.Framework.Login.LoginForm] [llce00004]Please provide  valid input.
2018-05-26 08:34:35,720 INFO  [Com.Nidec.Mes.Framework.Login.LoginForm] [llce00001]Login Click. End : 2018-05-26 08:34:35
2018-05-26 08:34:38,213 INFO  [Com.Nidec.Mes.Framework.Login.LoginForm] [llce00001]Login Click. Start : 2018-05-26 08:34:38
2018-05-26 08:34:41,522 INFO  [Com.Nidec.Mes.GlobalMasterMaintenance.FormCommonMaster] [mmci00004][Void FormCommonMaster_Load(System.Object, System.EventArgs)].[FormName : Role Master].[LoginUser : Administrator] Start.
2018-05-26 08:34:43,995 INFO  [Com.Nidec.Mes.GlobalMasterMaintenance.FormCommonMaster] [mmci00005][Void FormCommonMaster_FormClosed(System.Object, System.Windows.Forms.FormClosedEventArgs)].[FormName : Role Master].[LoginUser : Administrator] End.
2018-05-26 08:34:45,142 INFO  [Com.Nidec.Mes.GlobalMasterMaintenance.FormCommonMaster] [mmci00004][Void FormCommonMaster_Load(System.Object, System.EventArgs)].[FormName : Authority Control Master].[LoginUser : Administrator] Start.
2018-05-26 08:34:52,775 INFO  [Com.Nidec.Mes.GlobalMasterMaintenance.FormCommonMaster] [mmci00004][Void FormCommonMaster_Load(System.Object, System.EventArgs)].[FormName : Add Authority Control].[LoginUser : Administrator] Start.
2018-05-26 08:35:09,301 INFO  [Com.Nidec.Mes.GlobalMasterMaintenance.FormCommonMaster] [mmci00005][Void FormCommonMaster_FormClosed(System.Object, System.Windows.Forms.FormClosedEventArgs)].[FormName : Add Authority Control].[LoginUser : Administrator] End.
2018-05-26 08:35:09,309 INFO  [Com.Nidec.Mes.GlobalMasterMaintenance.AuthorityControlForm] [mmci00001]Record has been added successfully.
2018-05-26 08:35:11,728 INFO  [Com.Nidec.Mes.GlobalMasterMaintenance.FormCommonMaster] [mmci00005][Void FormCommonMaster_FormClosed(System.Object, System.Windows.Forms.FormClosedEventArgs)].[FormName : Authority Control Master].[LoginUser : Administrator] End.
2018-05-26 08:35:14,221 INFO  [Com.Nidec.Mes.GlobalMasterMaintenance.FormCommonMaster] [mmci00004][Void FormCommonMaster_Load(System.Object, System.EventArgs)].[FormName : Role Authority Control].[LoginUser : Administrator] Start.
2018-05-26 08:35:21,875 INFO  [Com.Nidec.Mes.GlobalMasterMaintenance.RoleAuthorityControlForm] [mmci00002]Record has been updated successfully.
2018-05-26 08:35:23,370 INFO  [Com.Nidec.Mes.GlobalMasterMaintenance.FormCommonMaster] [mmci00005][Void FormCommonMaster_FormClosed(System.Object, System.Windows.Forms.FormClosedEventArgs)].[FormName : Role Authority Control].[LoginUser : Administrator] End.
2018-05-26 08:35:24,216 INFO  [Com.Nidec.Mes.Framework.Login.LoginForm] [llce00001]Login Click. End : 2018-05-26 08:35:24
2018-05-26 08:35:25,089 INFO  [Com.Nidec.Mes.Framework.Login.LoginForm] [llce00001]Login Click. Start : 2018-05-26 08:35:25
2018-05-26 08:36:44,179 INFO  [Com.Nidec.Mes.Framework.Login.LoginForm] [llce00001]Login Click. End : 2018-05-26 08:36:44
2018-05-26 09:01:38,823 INFO  [Com.Nidec.Mes.Framework.Login.LoginForm] [llce00001]Login Click. Start : 2018-05-26 09:01:38
2018-05-26 09:01:39,756 INFO  [Com.Nidec.Mes.Framework.Login.LoginForm] [llce00004]Please provide  valid input.
2018-05-26 09:01:40,409 INFO  [Com.Nidec.Mes.Framework.Login.LoginForm] [llce00001]Login Click. End : 2018-05-26 09:01:40
2018-05-26 09:01:42,909 INFO  [Com.Nidec.Mes.Framework.Login.LoginForm] [llce00001]Login Click. Start : 2018-05-26 09:01:42
2018-05-26 09:03:55,275 INFO  [Com.Nidec.Mes.Framework.Login.LoginForm] [llce00001]Login Click. End : 2018-05-26 09:03:55
2018-05-26 09:04:43,564 INFO  [Com.Nidec.Mes.Framework.Login.LoginForm] [llce00001]Login Click. Start : 2018-05-26 09:04:43
2018-05-26 09:04:44,448 INFO  [Com.Nidec.Mes.Framework.Login.LoginForm] [llce00004]Please provide  valid input.
2018-05-26 09:04:45,620 INFO  [Com.Nidec.Mes.Framework.Login.LoginForm] [llce00001]Login Click. End : 2018-05-26 09:04:45
2018-05-26 09:04:48,213 INFO  [Com.Nidec.Mes.Framework.Login.LoginForm] [llce00001]Login Click. Start : 2018-05-26 09:04:48
2018-05-26 09:05:57,873 ERROR [Com.Nidec.Mes.Framework.DefaultCbmInvoker] [ffce00003]42601: syntax error at or near "and".
Npgsql.PostgresException (0x80004005): 42601: syntax error at or near "and"
   at Npgsql.NpgsqlConnector.DoReadMessage(DataRowLoadingMode dataRowLoadingMode, Boolean isPrependedMessage)
   at Npgsql.NpgsqlConnector.ReadMessageWithPrepended(DataRowLoadingMode dataRowLoadingMode)
   at Npgsql.NpgsqlConnector.ReadExpecting[T]()
   at Npgsql.NpgsqlDataReader.NextResultInternal()
   at Npgsql.NpgsqlDataReader.NextResult()
   at Npgsql.NpgsqlCommand.Execute(CommandBehavior behavior)
   at Npgsql.NpgsqlCommand.ExecuteDbDataReaderInternal(CommandBehavior behavior)
   at Npgsql.NpgsqlCommand.ExecuteDbDataReader(CommandBehavior behavior)
   at System.Data.Common.DbCommand.System.Data.IDbCommand.ExecuteReader()
   at Com.Nidec.Mes.Framework.DefaultNpgCommandAdaptor.ExecuteReader(TransactionContext trxContext, DbParameterList parameterList) in D:\VT CP\NIDEC MES\fw\NidecMES\Framework\DefaultNpgCommandAdaptor.cs:line 63
   at Com.Nidec.Mes.Common.Basic.MachineMaintenance.Dao.CheckIdAddFormVTDao.Execute(TransactionContext trxContext, ValueObject vo) in D:\VT CP\NIDEC MES\common_basic\CommonBasicApplicationForNidecMES\MachineMaintenance\Dao\WarehouseVTDao\CheckIdAddFormVTDao.cs:line 44
   at Com.Nidec.Mes.Common.Basic.MachineMaintenance.Cbm.CheckIdAddFormVTCbm.Execute(TransactionContext trxContext, ValueObject vo) in D:\VT CP\NIDEC MES\common_basic\CommonBasicApplicationForNidecMES\MachineMaintenance\Cbm\WarehouseVTCbm\CheckIdAddFormVTCbm.cs:line 26
   at Com.Nidec.Mes.Framework.DefaultCbmInvoker.Invoke(CbmController cbm, ValueObject vo, UserData userData, TransactionContextFactory trxFactory, String connectionString) in D:\VT CP\NIDEC MES\fw\NidecMES\Framework\DefaultCbmInvoker.cs:line 117
2018-05-26 09:06:00,738 INFO  [Com.Nidec.Mes.Framework.Login.LoginForm] [llce00001]Login Click. End : 2018-05-26 09:06:00
2018-05-26 09:09:19,850 INFO  [Com.Nidec.Mes.Framework.Login.LoginForm] [llce00001]Login Click. Start : 2018-05-26 09:09:19
2018-05-26 09:09:40,187 ERROR [Com.Nidec.Mes.Framework.DefaultCbmInvoker] [ffce00003]42601: syntax error at or near "and".
Npgsql.PostgresException (0x80004005): 42601: syntax error at or near "and"
   at Npgsql.NpgsqlConnector.DoReadMessage(DataRowLoadingMode dataRowLoadingMode, Boolean isPrependedMessage)
   at Npgsql.NpgsqlConnector.ReadMessageWithPrepended(DataRowLoadingMode dataRowLoadingMode)
   at Npgsql.NpgsqlConnector.ReadExpecting[T]()
   at Npgsql.NpgsqlDataReader.NextResultInternal()
   at Npgsql.NpgsqlDataReader.NextResult()
   at Npgsql.NpgsqlCommand.Execute(CommandBehavior behavior)
   at Npgsql.NpgsqlCommand.ExecuteDbDataReaderInternal(CommandBehavior behavior)
   at Npgsql.NpgsqlCommand.ExecuteDbDataReader(CommandBehavior behavior)
   at System.Data.Common.DbCommand.System.Data.IDbCommand.ExecuteReader()
   at Com.Nidec.Mes.Framework.DefaultNpgCommandAdaptor.ExecuteReader(TransactionContext trxContext, DbParameterList parameterList) in D:\VT CP\NIDEC MES\fw\NidecMES\Framework\DefaultNpgCommandAdaptor.cs:line 63
   at Com.Nidec.Mes.Common.Basic.MachineMaintenance.Dao.CheckIdAddFormVTDao.Execute(TransactionContext trxContext, ValueObject vo) in D:\VT CP\NIDEC MES\common_basic\CommonBasicApplicationForNidecMES\MachineMaintenance\Dao\WarehouseVTDao\CheckIdAddFormVTDao.cs:line 44
   at Com.Nidec.Mes.Common.Basic.MachineMaintenance.Cbm.CheckIdAddFormVTCbm.Execute(TransactionContext trxContext, ValueObject vo) in D:\VT CP\NIDEC MES\common_basic\CommonBasicApplicationForNidecMES\MachineMaintenance\Cbm\WarehouseVTCbm\CheckIdAddFormVTCbm.cs:line 26
   at Com.Nidec.Mes.Framework.DefaultCbmInvoker.Invoke(CbmController cbm, ValueObject vo, UserData userData, TransactionContextFactory trxFactory, String connectionString) in D:\VT CP\NIDEC MES\fw\NidecMES\Framework\DefaultCbmInvoker.cs:line 117
2018-05-26 09:09:43,399 INFO  [Com.Nidec.Mes.Framework.Login.LoginForm] [llce00001]Login Click. End : 2018-05-26 09:09:43
2018-05-26 09:13:20,195 INFO  [Com.Nidec.Mes.Framework.Login.LoginForm] [llce00001]Login Click. Start : 2018-05-26 09:13:20
2018-05-26 09:13:43,530 INFO  [Com.Nidec.Mes.Common.Basic.MachineMaintenance.Form.AddNewMachineVT] [mmce00001]Record is already registered
2018-05-26 09:15:21,160 INFO  [Com.Nidec.Mes.Common.Basic.MachineMaintenance.Form.AddNewMachineVT] [mmce00001]Record is already registered
2018-05-26 09:15:47,015 INFO  [Com.Nidec.Mes.Common.Basic.MachineMaintenance.Form.AddNewMachineVT] [mmce00001]Record is already registered
2018-05-26 09:19:23,889 INFO  [Com.Nidec.Mes.Framework.Login.LoginForm] [llce00001]Login Click. Start : 2018-05-26 09:19:23
2018-05-26 09:19:47,818 ERROR [Com.Nidec.Mes.Framework.DefaultCbmInvoker] [ffce00003]42703: column "factory_cd" does not exist.
Npgsql.PostgresException (0x80004005): 42703: column "factory_cd" does not exist
   at Npgsql.NpgsqlConnector.DoReadMessage(DataRowLoadingMode dataRowLoadingMode, Boolean isPrependedMessage)
   at Npgsql.NpgsqlConnector.ReadMessageWithPrepended(DataRowLoadingMode dataRowLoadingMode)
   at Npgsql.NpgsqlConnector.ReadExpecting[T]()
   at Npgsql.NpgsqlDataReader.NextResultInternal()
   at Npgsql.NpgsqlDataReader.NextResult()
   at Npgsql.NpgsqlCommand.Execute(CommandBehavior behavior)
   at Npgsql.NpgsqlCommand.ExecuteNonQueryInternal()
   at Npgsql.NpgsqlCommand.ExecuteNonQuery()
   at Com.Nidec.Mes.Framework.DefaultNpgCommandAdaptor.ExecuteNonQuery(DbParameterList parameterList) in D:\VT CP\NIDEC MES\fw\NidecMES\Framework\DefaultNpgCommandAdaptor.cs:line 40
   at Com.Nidec.Mes.Common.Basic.MachineMaintenance.Dao.AddNewMachineVTDao.Execute(TransactionContext trxContext, ValueObject vo) in D:\VT CP\NIDEC MES\common_basic\CommonBasicApplicationForNidecMES\MachineMaintenance\Dao\WarehouseVTDao\AddNewMachineVTDao.cs:line 67
   at Com.Nidec.Mes.Common.Basic.MachineMaintenance.Cbm.AddNewMachineVTCbm.Execute(TransactionContext trxContext, ValueObject vo) in D:\VT CP\NIDEC MES\common_basic\CommonBasicApplicationForNidecMES\MachineMaintenance\Cbm\WarehouseVTCbm\AddNewMachineVTCbm.cs:line 26
   at Com.Nidec.Mes.Framework.DefaultCbmInvoker.Invoke(CbmController cbm, ValueObject vo, UserData userData, TransactionContextFactory trxFactory, String connectionString) in D:\VT CP\NIDEC MES\fw\NidecMES\Framework\DefaultCbmInvoker.cs:line 117
2018-05-26 09:20:02,347 INFO  [Com.Nidec.Mes.Framework.Login.LoginForm] [llce00001]Login Click. End : 2018-05-26 09:20:02
2018-05-26 09:21:19,486 INFO  [Com.Nidec.Mes.Framework.Login.LoginForm] [llce00001]Login Click. Start : 2018-05-26 09:21:19
2018-05-26 09:22:22,039 ERROR [Com.Nidec.Mes.Framework.DefaultCbmInvoker] [ffce00003]42703: column "factory_cd" does not exist.
Npgsql.PostgresException (0x80004005): 42703: column "factory_cd" does not exist
   at Npgsql.NpgsqlConnector.DoReadMessage(DataRowLoadingMode dataRowLoadingMode, Boolean isPrependedMessage)
   at Npgsql.NpgsqlConnector.ReadMessageWithPrepended(DataRowLoadingMode dataRowLoadingMode)
   at Npgsql.NpgsqlConnector.ReadExpecting[T]()
   at Npgsql.NpgsqlDataReader.NextResultInternal()
   at Npgsql.NpgsqlDataReader.NextResult()
   at Npgsql.NpgsqlCommand.Execute(CommandBehavior behavior)
   at Npgsql.NpgsqlCommand.ExecuteNonQueryInternal()
   at Npgsql.NpgsqlCommand.ExecuteNonQuery()
   at Com.Nidec.Mes.Framework.DefaultNpgCommandAdaptor.ExecuteNonQuery(DbParameterList parameterList) in D:\VT CP\NIDEC MES\fw\NidecMES\Framework\DefaultNpgCommandAdaptor.cs:line 40
   at Com.Nidec.Mes.Common.Basic.MachineMaintenance.Dao.AddNewMachineVTDao.Execute(TransactionContext trxContext, ValueObject vo) in D:\VT CP\NIDEC MES\common_basic\CommonBasicApplicationForNidecMES\MachineMaintenance\Dao\WarehouseVTDao\AddNewMachineVTDao.cs:line 67
   at Com.Nidec.Mes.Common.Basic.MachineMaintenance.Cbm.AddNewMachineVTCbm.Execute(TransactionContext trxContext, ValueObject vo) in D:\VT CP\NIDEC MES\common_basic\CommonBasicApplicationForNidecMES\MachineMaintenance\Cbm\WarehouseVTCbm\AddNewMachineVTCbm.cs:line 26
   at Com.Nidec.Mes.Framework.DefaultCbmInvoker.Invoke(CbmController cbm, ValueObject vo, UserData userData, TransactionContextFactory trxFactory, String connectionString) in D:\VT CP\NIDEC MES\fw\NidecMES\Framework\DefaultCbmInvoker.cs:line 117
2018-05-26 09:22:29,238 INFO  [Com.Nidec.Mes.Framework.Login.LoginForm] [llce00001]Login Click. End : 2018-05-26 09:22:29
2018-05-26 09:24:16,259 INFO  [Com.Nidec.Mes.Framework.Login.LoginForm] [llce00001]Login Click. Start : 2018-05-26 09:24:16
2018-05-26 09:24:29,892 INFO  [Com.Nidec.Mes.Common.Basic.MachineMaintenance.Form.AddNewMachineVT] [mmce00001]Record is already registered
2018-05-26 09:25:00,938 INFO  [Com.Nidec.Mes.Common.Basic.MachineMaintenance.Form.WarehouseVTForm] [mmce00001]Record is already registered
2018-05-26 09:25:13,154 INFO  [Com.Nidec.Mes.Common.Basic.MachineMaintenance.Form.WarehouseVTForm] [mmce00001]Record is already registered
2018-05-26 09:25:29,379 INFO  [Com.Nidec.Mes.Common.Basic.MachineMaintenance.Form.WarehouseVTForm] [mmce00001]Record is already registered
2018-05-26 09:26:26,892 INFO  [Com.Nidec.Mes.Framework.Login.LoginForm] [llce00001]Login Click. End : 2018-05-26 09:26:26
2018-05-26 09:37:55,974 INFO  [Com.Nidec.Mes.Framework.Login.LoginForm] [llce00001]Login Click. Start : 2018-05-26 09:37:55
2018-05-26 09:38:29,054 INFO  [Com.Nidec.Mes.Framework.Login.LoginForm] [llce00001]Login Click. End : 2018-05-26 09:38:29
2018-05-26 09:40:51,231 INFO  [Com.Nidec.Mes.Framework.Login.LoginForm] [llce00001]Login Click. Start : 2018-05-26 09:40:51
2018-05-26 09:41:15,761 INFO  [Com.Nidec.Mes.Framework.Login.LoginForm] [llce00001]Login Click. End : 2018-05-26 09:41:15
2018-05-26 09:42:51,042 INFO  [Com.Nidec.Mes.Framework.Login.LoginForm] [llce00001]Login Click. Start : 2018-05-26 09:42:50
2018-05-26 09:43:10,883 INFO  [Com.Nidec.Mes.Common.Basic.MachineMaintenance.Form.WarehouseVTForm] [mmce00001]Record is already registered
2018-05-26 09:43:23,793 INFO  [Com.Nidec.Mes.Framework.Login.LoginForm] [llce00001]Login Click. End : 2018-05-26 09:43:23
2018-05-26 09:48:02,723 INFO  [Com.Nidec.Mes.Framework.Login.LoginForm] [llce00001]Login Click. Start : 2018-05-26 09:48:02
2018-05-26 09:49:03,614 INFO  [Com.Nidec.Mes.Common.Basic.MachineMaintenance.Form.AddCommentDatalostVT] [mmce00001]Record is already registered
2018-05-26 09:49:06,024 INFO  [Com.Nidec.Mes.Common.Basic.MachineMaintenance.Form.AddCommentDatalostVT] [mmce00001]Record is already registered
2018-05-26 10:16:34,454 INFO  [Com.Nidec.Mes.Framework.Login.LoginForm] [llce00001]Login Click. Start : 2018-05-26 10:16:34
2018-05-26 10:17:40,071 ERROR [Com.Nidec.Mes.Framework.DefaultCbmInvoker] [ffce00003]23505: duplicate key value violates unique constraint "t_vt_list_check_pkey".
Npgsql.PostgresException (0x80004005): 23505: duplicate key value violates unique constraint "t_vt_list_check_pkey"
   at Npgsql.NpgsqlConnector.DoReadMessage(DataRowLoadingMode dataRowLoadingMode, Boolean isPrependedMessage)
   at Npgsql.NpgsqlConnector.ReadMessageWithPrepended(DataRowLoadingMode dataRowLoadingMode)
   at Npgsql.NpgsqlDataReader.NextResultInternal()
   at Npgsql.NpgsqlDataReader.NextResult()
   at Npgsql.NpgsqlCommand.Execute(CommandBehavior behavior)
   at Npgsql.NpgsqlCommand.ExecuteNonQueryInternal()
   at Npgsql.NpgsqlCommand.ExecuteNonQuery()
   at Com.Nidec.Mes.Framework.DefaultNpgCommandAdaptor.ExecuteNonQuery(DbParameterList parameterList) in D:\VT CP\NIDEC MES\fw\NidecMES\Framework\DefaultNpgCommandAdaptor.cs:line 40
   at Com.Nidec.Mes.Common.Basic.MachineMaintenance.Dao.AddNewListCheckVTDao.Execute(TransactionContext trxContext, ValueObject vo) in D:\VT CP\NIDEC MES\common_basic\CommonBasicApplicationForNidecMES\MachineMaintenance\Dao\WarehouseVTCheckDao\AddNewListCheckVTDao.cs:line 42
   at Com.Nidec.Mes.Common.Basic.MachineMaintenance.Cbm.AddNewListCheckVTCbm.Execute(TransactionContext trxContext, ValueObject vo) in D:\VT CP\NIDEC MES\common_basic\CommonBasicApplicationForNidecMES\MachineMaintenance\Cbm\WarehouseVTCheckCbm\AddNewListCheckVTCbm.cs:line 26
   at Com.Nidec.Mes.Framework.DefaultCbmInvoker.Invoke(CbmController cbm, ValueObject vo, UserData userData, TransactionContextFactory trxFactory, String connectionString) in D:\VT CP\NIDEC MES\fw\NidecMES\Framework\DefaultCbmInvoker.cs:line 117
2018-05-26 10:17:42,925 INFO  [Com.Nidec.Mes.Framework.Login.LoginForm] [llce00001]Login Click. End : 2018-05-26 10:17:42
2018-05-26 10:18:28,329 INFO  [Com.Nidec.Mes.Framework.Login.LoginForm] [llce00001]Login Click. Start : 2018-05-26 10:18:28
2018-05-26 10:25:26,143 INFO  [Com.Nidec.Mes.Framework.Login.LoginForm] [llce00001]Login Click. Start : 2018-05-26 10:25:26
2018-05-26 10:30:03,747 INFO  [Com.Nidec.Mes.Framework.Login.LoginForm] [llce00001]Login Click. Start : 2018-05-26 10:30:03
2018-05-26 10:36:12,643 INFO  [Com.Nidec.Mes.Framework.Login.LoginForm] [llce00001]Login Click. Start : 2018-05-26 10:36:12
2018-05-26 10:36:57,802 INFO  [Com.Nidec.Mes.Framework.Login.LoginForm] [llce00001]Login Click. End : 2018-05-26 10:36:57
2018-05-26 10:38:27,029 INFO  [Com.Nidec.Mes.Framework.Login.LoginForm] [llce00001]Login Click. Start : 2018-05-26 10:38:26
2018-05-26 10:40:44,992 INFO  [Com.Nidec.Mes.Framework.Login.LoginForm] [llce00001]Login Click. Start : 2018-05-26 10:40:44
2018-05-26 10:41:06,620 INFO  [Com.Nidec.Mes.Common.Basic.MachineMaintenance.Form.WarehouseVTForm] [mmce00001]Record is already registered
2018-05-26 10:41:18,954 INFO  [Com.Nidec.Mes.Common.Basic.MachineMaintenance.Form.WarehouseVTForm] [mmce00001]Record is already registered
2018-05-26 10:43:05,517 INFO  [Com.Nidec.Mes.Framework.Login.LoginForm] [llce00001]Login Click. End : 2018-05-26 10:43:05
2018-05-26 10:46:28,857 INFO  [Com.Nidec.Mes.Framework.Login.LoginForm] [llce00001]Login Click. Start : 2018-05-26 10:46:28
2018-05-26 10:46:47,339 ERROR [Com.Nidec.Mes.Framework.DefaultCbmInvoker] [ffce00003]42601: syntax error at or near ":".
Npgsql.PostgresException (0x80004005): 42601: syntax error at or near ":"
   at Npgsql.NpgsqlConnector.DoReadMessage(DataRowLoadingMode dataRowLoadingMode, Boolean isPrependedMessage)
   at Npgsql.NpgsqlConnector.ReadMessageWithPrepended(DataRowLoadingMode dataRowLoadingMode)
   at Npgsql.NpgsqlConnector.ReadExpecting[T]()
   at Npgsql.NpgsqlDataReader.NextResultInternal()
   at Npgsql.NpgsqlDataReader.NextResult()
   at Npgsql.NpgsqlCommand.Execute(CommandBehavior behavior)
   at Npgsql.NpgsqlCommand.ExecuteNonQueryInternal()
   at Npgsql.NpgsqlCommand.ExecuteNonQuery()
   at Com.Nidec.Mes.Framework.DefaultNpgCommandAdaptor.ExecuteNonQuery(DbParameterList parameterList) in D:\VT CP\NIDEC MES\fw\NidecMES\Framework\DefaultNpgCommandAdaptor.cs:line 40
   at Com.Nidec.Mes.Common.Basic.MachineMaintenance.Dao.UpdateRFIdDao.Execute(TransactionContext trxContext, ValueObject vo) in D:\VT CP\NIDEC MES\common_basic\CommonBasicApplicationForNidecMES\MachineMaintenance\Dao\WarehouseVTDao\UpdateRFIdDao.cs:line 59
   at Com.Nidec.Mes.Common.Basic.MachineMaintenance.Cbm.UpdateRFIdCbm.Execute(TransactionContext trxContext, ValueObject vo) in D:\VT CP\NIDEC MES\common_basic\CommonBasicApplicationForNidecMES\MachineMaintenance\Cbm\WarehouseVTCbm\UpdateRFIdCbm.cs:line 26
   at Com.Nidec.Mes.Framework.DefaultCbmInvoker.Invoke(CbmController cbm, ValueObject vo, UserData userData, TransactionContextFactory trxFactory, String connectionString) in D:\VT CP\NIDEC MES\fw\NidecMES\Framework\DefaultCbmInvoker.cs:line 117
2018-05-26 10:46:51,943 INFO  [Com.Nidec.Mes.Framework.Login.LoginForm] [llce00001]Login Click. End : 2018-05-26 10:46:51
2018-05-26 10:48:10,753 INFO  [Com.Nidec.Mes.Framework.Login.LoginForm] [llce00001]Login Click. Start : 2018-05-26 10:48:10
2018-05-26 10:48:21,849 INFO  [Com.Nidec.Mes.Common.Basic.MachineMaintenance.Form.WarehouseVTForm] [mmce00001]Record is already registered
2018-05-26 10:49:03,325 INFO  [Com.Nidec.Mes.Common.Basic.MachineMaintenance.Form.AddCommentDatalostVT] [mmce00001]Record is already registered
2018-05-26 10:49:46,325 INFO  [Com.Nidec.Mes.Common.Basic.MachineMaintenance.Form.AddNewMachineVT] [mmce00001]Record is already registered
2018-05-26 10:52:37,189 INFO  [Com.Nidec.Mes.Framework.Login.LoginForm] [llce00001]Login Click. Start : 2018-05-26 10:52:37
2018-05-26 10:52:49,824 INFO  [Com.Nidec.Mes.Common.Basic.MachineMaintenance.Form.WarehouseVTForm] [mmce00001]Record is already registered
2018-05-26 10:54:27,497 INFO  [Com.Nidec.Mes.Common.Basic.MachineMaintenance.Form.AddNewMachineVT] [mmce00001]Record is already registered
2018-05-26 10:54:28,367 ERROR [Com.Nidec.Mes.Framework.DefaultCbmInvoker] [ffce00003]42601: syntax error at end of input.
Npgsql.PostgresException (0x80004005): 42601: syntax error at end of input
   at Npgsql.NpgsqlConnector.DoReadMessage(DataRowLoadingMode dataRowLoadingMode, Boolean isPrependedMessage)
   at Npgsql.NpgsqlConnector.ReadMessageWithPrepended(DataRowLoadingMode dataRowLoadingMode)
   at Npgsql.NpgsqlConnector.ReadExpecting[T]()
   at Npgsql.NpgsqlDataReader.NextResultInternal()
   at Npgsql.NpgsqlDataReader.NextResult()
   at Npgsql.NpgsqlCommand.Execute(CommandBehavior behavior)
   at Npgsql.NpgsqlCommand.ExecuteNonQueryInternal()
   at Npgsql.NpgsqlCommand.ExecuteNonQuery()
   at Com.Nidec.Mes.Framework.DefaultNpgCommandAdaptor.ExecuteNonQuery(DbParameterList parameterList) in D:\VT CP\NIDEC MES\fw\NidecMES\Framework\DefaultNpgCommandAdaptor.cs:line 40
   at Com.Nidec.Mes.Common.Basic.MachineMaintenance.Dao.DeleteDatalostVTDao.Execute(TransactionContext trxContext, ValueObject vo) in D:\VT CP\NIDEC MES\common_basic\CommonBasicApplicationForNidecMES\MachineMaintenance\Dao\WarehouseVTCheckDao\DeleteDatalostVTDao.cs:line 37
   at Com.Nidec.Mes.Common.Basic.MachineMaintenance.Cbm.DeleteDatalostVTCbm.Execute(TransactionContext trxContext, ValueObject vo) in D:\VT CP\NIDEC MES\common_basic\CommonBasicApplicationForNidecMES\MachineMaintenance\Cbm\WarehouseVTCheckCbm\DeleteMachineVTCbm.cs:line 26
   at Com.Nidec.Mes.Framework.DefaultCbmInvoker.Invoke(CbmController cbm, ValueObject vo, UserData userData, TransactionContextFactory trxFactory, String connectionString) in D:\VT CP\NIDEC MES\fw\NidecMES\Framework\DefaultCbmInvoker.cs:line 117
2018-05-26 10:54:35,614 INFO  [Com.Nidec.Mes.Framework.Login.LoginForm] [llce00001]Login Click. End : 2018-05-26 10:54:35
2018-05-26 10:54:55,287 INFO  [Com.Nidec.Mes.Framework.Login.LoginForm] [llce00001]Login Click. Start : 2018-05-26 10:54:55
2018-05-26 10:55:13,680 INFO  [Com.Nidec.Mes.Common.Basic.MachineMaintenance.Form.WarehouseVTForm] [mmce00001]Record is already registered
2018-05-26 10:55:30,064 ERROR [Com.Nidec.Mes.Framework.DefaultCbmInvoker] [ffce00003]42601: syntax error at end of input.
Npgsql.PostgresException (0x80004005): 42601: syntax error at end of input
   at Npgsql.NpgsqlConnector.DoReadMessage(DataRowLoadingMode dataRowLoadingMode, Boolean isPrependedMessage)
   at Npgsql.NpgsqlConnector.ReadMessageWithPrepended(DataRowLoadingMode dataRowLoadingMode)
   at Npgsql.NpgsqlConnector.ReadExpecting[T]()
   at Npgsql.NpgsqlDataReader.NextResultInternal()
   at Npgsql.NpgsqlDataReader.NextResult()
   at Npgsql.NpgsqlCommand.Execute(CommandBehavior behavior)
   at Npgsql.NpgsqlCommand.ExecuteDbDataReaderInternal(CommandBehavior behavior)
   at Npgsql.NpgsqlCommand.ExecuteDbDataReader(CommandBehavior behavior)
   at System.Data.Common.DbCommand.System.Data.IDbCommand.ExecuteReader()
   at Com.Nidec.Mes.Framework.DefaultNpgCommandAdaptor.ExecuteReader(TransactionContext trxContext, DbParameterList parameterList) in D:\VT CP\NIDEC MES\fw\NidecMES\Framework\DefaultNpgCommandAdaptor.cs:line 63
   at Com.Nidec.Mes.Common.Basic.MachineMaintenance.Dao.CheckIdAddFormVTDao.Execute(TransactionContext trxContext, ValueObject vo) in D:\VT CP\NIDEC MES\common_basic\CommonBasicApplicationForNidecMES\MachineMaintenance\Dao\WarehouseVTDao\CheckIdAddFormVTDao.cs:line 44
   at Com.Nidec.Mes.Common.Basic.MachineMaintenance.Cbm.CheckIdAddFormVTCbm.Execute(TransactionContext trxContext, ValueObject vo) in D:\VT CP\NIDEC MES\common_basic\CommonBasicApplicationForNidecMES\MachineMaintenance\Cbm\WarehouseVTCbm\CheckIdAddFormVTCbm.cs:line 26
   at Com.Nidec.Mes.Framework.DefaultCbmInvoker.Invoke(CbmController cbm, ValueObject vo, UserData userData, TransactionContextFactory trxFactory, String connectionString) in D:\VT CP\NIDEC MES\fw\NidecMES\Framework\DefaultCbmInvoker.cs:line 117
2018-05-26 10:55:36,514 INFO  [Com.Nidec.Mes.Framework.Login.LoginForm] [llce00001]Login Click. End : 2018-05-26 10:55:36
2018-05-26 10:55:50,269 INFO  [Com.Nidec.Mes.Framework.Login.LoginForm] [llce00001]Login Click. Start : 2018-05-26 10:55:50
2018-05-26 10:56:01,567 INFO  [Com.Nidec.Mes.Framework.Login.LoginForm] [llce00001]Login Click. End : 2018-05-26 10:56:01
2018-05-26 10:59:06,365 INFO  [Com.Nidec.Mes.Framework.Login.LoginForm] [llce00001]Login Click. Start : 2018-05-26 10:59:06
2018-05-26 10:59:56,680 INFO  [Com.Nidec.Mes.Common.Basic.MachineMaintenance.Form.WarehouseVTForm] [mmce00001]Record is already registered
2018-05-26 11:01:24,557 INFO  [Com.Nidec.Mes.Common.Basic.MachineMaintenance.Form.AddNewMachineVT] [mmce00001]Record is already registered
2018-05-26 11:02:30,074 INFO  [Com.Nidec.Mes.Common.Basic.MachineMaintenance.Form.AddCommentDatalostVT] [mmce00001]Record is already registered
2018-05-26 11:02:37,963 INFO  [Com.Nidec.Mes.Framework.Login.LoginForm] [llce00001]Login Click. End : 2018-05-26 11:02:37
2018-05-26 11:03:30,878 INFO  [Com.Nidec.Mes.Framework.Login.LoginForm] [llce00001]Login Click. Start : 2018-05-26 11:03:30
2018-05-26 11:05:01,499 INFO  [Com.Nidec.Mes.Framework.Login.LoginForm] [llce00001]Login Click. End : 2018-05-26 11:05:01
2018-05-26 11:09:31,104 INFO  [Com.Nidec.Mes.Framework.Login.LoginForm] [llce00001]Login Click. Start : 2018-05-26 11:09:31
2018-05-26 11:09:54,353 INFO  [Com.Nidec.Mes.Framework.Login.LoginForm] [llce00001]Login Click. End : 2018-05-26 11:09:54
2018-05-26 11:16:46,827 INFO  [Com.Nidec.Mes.Framework.Login.LoginForm] [llce00001]Login Click. Start : 2018-05-26 11:16:46
2018-05-26 11:17:44,359 INFO  [Com.Nidec.Mes.Framework.Login.LoginForm] [llce00001]Login Click. End : 2018-05-26 11:17:44
2018-05-26 11:20:10,297 INFO  [Com.Nidec.Mes.Framework.Login.LoginForm] [llce00001]Login Click. Start : 2018-05-26 11:20:10
2018-05-26 11:22:03,911 INFO  [Com.Nidec.Mes.Framework.Login.LoginForm] [llce00001]Login Click. End : 2018-05-26 11:22:03
2018-05-26 11:30:42,071 INFO  [Com.Nidec.Mes.Framework.Login.LoginForm] [llce00001]Login Click. Start : 2018-05-26 11:30:42
2018-05-26 11:30:42,959 INFO  [Com.Nidec.Mes.Framework.Login.LoginForm] [llce00004]Please provide  valid input.
2018-05-26 11:30:44,279 INFO  [Com.Nidec.Mes.Framework.Login.LoginForm] [llce00001]Login Click. End : 2018-05-26 11:30:44
2018-05-26 11:30:46,587 INFO  [Com.Nidec.Mes.Framework.Login.LoginForm] [llce00001]Login Click. Start : 2018-05-26 11:30:46
2018-05-26 11:39:34,297 INFO  [Com.Nidec.Mes.Framework.Login.LoginForm] [llce00001]Login Click. Start : 2018-05-26 11:39:34
2018-05-26 11:40:39,230 INFO  [Com.Nidec.Mes.Framework.Login.LoginForm] [llce00001]Login Click. Start : 2018-05-26 11:40:39
2018-05-26 12:35:29,906 INFO  [Com.Nidec.Mes.Framework.Login.LoginForm] [llce00001]Login Click. Start : 2018-05-26 12:35:29
2018-05-26 12:35:41,281 INFO  [Com.Nidec.Mes.Framework.Login.LoginForm] [llce00001]Login Click. End : 2018-05-26 12:35:41
2018-05-26 12:36:29,257 INFO  [Com.Nidec.Mes.Framework.Login.LoginForm] [llce00001]Login Click. Start : 2018-05-26 12:36:29
2018-05-26 12:36:57,118 INFO  [Com.Nidec.Mes.Framework.Login.LoginForm] [llce00001]Login Click. End : 2018-05-26 12:36:57
2018-05-26 12:40:55,885 INFO  [Com.Nidec.Mes.Framework.Login.LoginForm] [llce00001]Login Click. Start : 2018-05-26 12:40:55
2018-05-26 12:45:12,428 INFO  [Com.Nidec.Mes.Framework.Login.LoginForm] [llce00001]Login Click. End : 2018-05-26 12:45:12
2018-05-26 13:05:31,640 INFO  [Com.Nidec.Mes.Framework.Login.LoginForm] [llce00001]Login Click. Start : 2018-05-26 13:05:31
2018-05-26 13:05:42,900 INFO  [Com.Nidec.Mes.Framework.Login.LoginForm] [llce00001]Login Click. End : 2018-05-26 13:05:42
2018-05-26 13:05:43,649 ERROR [Com.Nidec.Mes.Framework.DefaultCbmInvoker] [ffce00003]23505: duplicate key value violates unique constraint "t_vt_list_check_pkey".
Npgsql.PostgresException (0x80004005): 23505: duplicate key value violates unique constraint "t_vt_list_check_pkey"
   at Npgsql.NpgsqlConnector.DoReadMessage(DataRowLoadingMode dataRowLoadingMode, Boolean isPrependedMessage)
   at Npgsql.NpgsqlConnector.ReadMessageWithPrepended(DataRowLoadingMode dataRowLoadingMode)
   at Npgsql.NpgsqlDataReader.NextResultInternal()
   at Npgsql.NpgsqlDataReader.NextResult()
   at Npgsql.NpgsqlCommand.Execute(CommandBehavior behavior)
   at Npgsql.NpgsqlCommand.ExecuteNonQueryInternal()
   at Npgsql.NpgsqlCommand.ExecuteNonQuery()
   at Com.Nidec.Mes.Framework.DefaultNpgCommandAdaptor.ExecuteNonQuery(DbParameterList parameterList) in D:\VT CP\NIDEC MES\fw\NidecMES\Framework\DefaultNpgCommandAdaptor.cs:line 40
   at Com.Nidec.Mes.Common.Basic.MachineMaintenance.Dao.AddNewListCheckVTDao.Execute(TransactionContext trxContext, ValueObject vo) in D:\VT CP\NIDEC MES\common_basic\CommonBasicApplicationForNidecMES\MachineMaintenance\Dao\WarehouseVTCheckDao\AddNewListCheckVTDao.cs:line 42
   at Com.Nidec.Mes.Common.Basic.MachineMaintenance.Cbm.AddNewListCheckVTCbm.Execute(TransactionContext trxContext, ValueObject vo) in D:\VT CP\NIDEC MES\common_basic\CommonBasicApplicationForNidecMES\MachineMaintenance\Cbm\WarehouseVTCheckCbm\AddNewListCheckVTCbm.cs:line 26
   at Com.Nidec.Mes.Framework.DefaultCbmInvoker.Invoke(CbmController cbm, ValueObject vo, UserData userData, TransactionContextFactory trxFactory, String connectionString) in D:\VT CP\NIDEC MES\fw\NidecMES\Framework\DefaultCbmInvoker.cs:line 117
2018-05-26 13:05:44,527 ERROR [Com.Nidec.Mes.Framework.DefaultCbmInvoker] [ffce00003]23505: duplicate key value violates unique constraint "t_vt_list_check_pkey".
Npgsql.PostgresException (0x80004005): 23505: duplicate key value violates unique constraint "t_vt_list_check_pkey"
   at Npgsql.NpgsqlConnector.DoReadMessage(DataRowLoadingMode dataRowLoadingMode, Boolean isPrependedMessage)
   at Npgsql.NpgsqlConnector.ReadMessageWithPrepended(DataRowLoadingMode dataRowLoadingMode)
   at Npgsql.NpgsqlDataReader.NextResultInternal()
   at Npgsql.NpgsqlDataReader.NextResult()
   at Npgsql.NpgsqlCommand.Execute(CommandBehavior behavior)
   at Npgsql.NpgsqlCommand.ExecuteNonQueryInternal()
   at Npgsql.NpgsqlCommand.ExecuteNonQuery()
   at Com.Nidec.Mes.Framework.DefaultNpgCommandAdaptor.ExecuteNonQuery(DbParameterList parameterList) in D:\VT CP\NIDEC MES\fw\NidecMES\Framework\DefaultNpgCommandAdaptor.cs:line 40
   at Com.Nidec.Mes.Common.Basic.MachineMaintenance.Dao.AddNewListCheckVTDao.Execute(TransactionContext trxContext, ValueObject vo) in D:\VT CP\NIDEC MES\common_basic\CommonBasicApplicationForNidecMES\MachineMaintenance\Dao\WarehouseVTCheckDao\AddNewListCheckVTDao.cs:line 42
   at Com.Nidec.Mes.Common.Basic.MachineMaintenance.Cbm.AddNewListCheckVTCbm.Execute(TransactionContext trxContext, ValueObject vo) in D:\VT CP\NIDEC MES\common_basic\CommonBasicApplicationForNidecMES\MachineMaintenance\Cbm\WarehouseVTCheckCbm\AddNewListCheckVTCbm.cs:line 26
   at Com.Nidec.Mes.Framework.DefaultCbmInvoker.Invoke(CbmController cbm, ValueObject vo, UserData userData, TransactionContextFactory trxFactory, String connectionString) in D:\VT CP\NIDEC MES\fw\NidecMES\Framework\DefaultCbmInvoker.cs:line 117
2018-05-26 13:05:45,588 ERROR [Com.Nidec.Mes.Framework.DefaultCbmInvoker] [ffce00003]23505: duplicate key value violates unique constraint "t_vt_list_check_pkey".
Npgsql.PostgresException (0x80004005): 23505: duplicate key value violates unique constraint "t_vt_list_check_pkey"
   at Npgsql.NpgsqlConnector.DoReadMessage(DataRowLoadingMode dataRowLoadingMode, Boolean isPrependedMessage)
   at Npgsql.NpgsqlConnector.ReadMessageWithPrepended(DataRowLoadingMode dataRowLoadingMode)
   at Npgsql.NpgsqlDataReader.NextResultInternal()
   at Npgsql.NpgsqlDataReader.NextResult()
   at Npgsql.NpgsqlCommand.Execute(CommandBehavior behavior)
   at Npgsql.NpgsqlCommand.ExecuteNonQueryInternal()
   at Npgsql.NpgsqlCommand.ExecuteNonQuery()
   at Com.Nidec.Mes.Framework.DefaultNpgCommandAdaptor.ExecuteNonQuery(DbParameterList parameterList) in D:\VT CP\NIDEC MES\fw\NidecMES\Framework\DefaultNpgCommandAdaptor.cs:line 40
   at Com.Nidec.Mes.Common.Basic.MachineMaintenance.Dao.AddNewListCheckVTDao.Execute(TransactionContext trxContext, ValueObject vo) in D:\VT CP\NIDEC MES\common_basic\CommonBasicApplicationForNidecMES\MachineMaintenance\Dao\WarehouseVTCheckDao\AddNewListCheckVTDao.cs:line 42
   at Com.Nidec.Mes.Common.Basic.MachineMaintenance.Cbm.AddNewListCheckVTCbm.Execute(TransactionContext trxContext, ValueObject vo) in D:\VT CP\NIDEC MES\common_basic\CommonBasicApplicationForNidecMES\MachineMaintenance\Cbm\WarehouseVTCheckCbm\AddNewListCheckVTCbm.cs:line 26
   at Com.Nidec.Mes.Framework.DefaultCbmInvoker.Invoke(CbmController cbm, ValueObject vo, UserData userData, TransactionContextFactory trxFactory, String connectionString) in D:\VT CP\NIDEC MES\fw\NidecMES\Framework\DefaultCbmInvoker.cs:line 117
2018-05-26 13:05:46,673 ERROR [Com.Nidec.Mes.Framework.DefaultCbmInvoker] [ffce00003]23505: duplicate key value violates unique constraint "t_vt_list_check_pkey".
Npgsql.PostgresException (0x80004005): 23505: duplicate key value violates unique constraint "t_vt_list_check_pkey"
   at Npgsql.NpgsqlConnector.DoReadMessage(DataRowLoadingMode dataRowLoadingMode, Boolean isPrependedMessage)
   at Npgsql.NpgsqlConnector.ReadMessageWithPrepended(DataRowLoadingMode dataRowLoadingMode)
   at Npgsql.NpgsqlDataReader.NextResultInternal()
   at Npgsql.NpgsqlDataReader.NextResult()
   at Npgsql.NpgsqlCommand.Execute(CommandBehavior behavior)
   at Npgsql.NpgsqlCommand.ExecuteNonQueryInternal()
   at Npgsql.NpgsqlCommand.ExecuteNonQuery()
   at Com.Nidec.Mes.Framework.DefaultNpgCommandAdaptor.ExecuteNonQuery(DbParameterList parameterList) in D:\VT CP\NIDEC MES\fw\NidecMES\Framework\DefaultNpgCommandAdaptor.cs:line 40
   at Com.Nidec.Mes.Common.Basic.MachineMaintenance.Dao.AddNewListCheckVTDao.Execute(TransactionContext trxContext, ValueObject vo) in D:\VT CP\NIDEC MES\common_basic\CommonBasicApplicationForNidecMES\MachineMaintenance\Dao\WarehouseVTCheckDao\AddNewListCheckVTDao.cs:line 42
   at Com.Nidec.Mes.Common.Basic.MachineMaintenance.Cbm.AddNewListCheckVTCbm.Execute(TransactionContext trxContext, ValueObject vo) in D:\VT CP\NIDEC MES\common_basic\CommonBasicApplicationForNidecMES\MachineMaintenance\Cbm\WarehouseVTCheckCbm\AddNewListCheckVTCbm.cs:line 26
   at Com.Nidec.Mes.Framework.DefaultCbmInvoker.Invoke(CbmController cbm, ValueObject vo, UserData userData, TransactionContextFactory trxFactory, String connectionString) in D:\VT CP\NIDEC MES\fw\NidecMES\Framework\DefaultCbmInvoker.cs:line 117
2018-05-26 13:05:47,581 ERROR [Com.Nidec.Mes.Framework.DefaultCbmInvoker] [ffce00003]23505: duplicate key value violates unique constraint "t_vt_list_check_pkey".
Npgsql.PostgresException (0x80004005): 23505: duplicate key value violates unique constraint "t_vt_list_check_pkey"
   at Npgsql.NpgsqlConnector.DoReadMessage(DataRowLoadingMode dataRowLoadingMode, Boolean isPrependedMessage)
   at Npgsql.NpgsqlConnector.ReadMessageWithPrepended(DataRowLoadingMode dataRowLoadingMode)
   at Npgsql.NpgsqlDataReader.NextResultInternal()
   at Npgsql.NpgsqlDataReader.NextResult()
   at Npgsql.NpgsqlCommand.Execute(CommandBehavior behavior)
   at Npgsql.NpgsqlCommand.ExecuteNonQueryInternal()
   at Npgsql.NpgsqlCommand.ExecuteNonQuery()
   at Com.Nidec.Mes.Framework.DefaultNpgCommandAdaptor.ExecuteNonQuery(DbParameterList parameterList) in D:\VT CP\NIDEC MES\fw\NidecMES\Framework\DefaultNpgCommandAdaptor.cs:line 40
   at Com.Nidec.Mes.Common.Basic.MachineMaintenance.Dao.AddNewListCheckVTDao.Execute(TransactionContext trxContext, ValueObject vo) in D:\VT CP\NIDEC MES\common_basic\CommonBasicApplicationForNidecMES\MachineMaintenance\Dao\WarehouseVTCheckDao\AddNewListCheckVTDao.cs:line 42
   at Com.Nidec.Mes.Common.Basic.MachineMaintenance.Cbm.AddNewListCheckVTCbm.Execute(TransactionContext trxContext, ValueObject vo) in D:\VT CP\NIDEC MES\common_basic\CommonBasicApplicationForNidecMES\MachineMaintenance\Cbm\WarehouseVTCheckCbm\AddNewListCheckVTCbm.cs:line 26
   at Com.Nidec.Mes.Framework.DefaultCbmInvoker.Invoke(CbmController cbm, ValueObject vo, UserData userData, TransactionContextFactory trxFactory, String connectionString) in D:\VT CP\NIDEC MES\fw\NidecMES\Framework\DefaultCbmInvoker.cs:line 117
2018-05-26 13:05:48,586 ERROR [Com.Nidec.Mes.Framework.DefaultCbmInvoker] [ffce00003]23505: duplicate key value violates unique constraint "t_vt_list_check_pkey".
Npgsql.PostgresException (0x80004005): 23505: duplicate key value violates unique constraint "t_vt_list_check_pkey"
   at Npgsql.NpgsqlConnector.DoReadMessage(DataRowLoadingMode dataRowLoadingMode, Boolean isPrependedMessage)
   at Npgsql.NpgsqlConnector.ReadMessageWithPrepended(DataRowLoadingMode dataRowLoadingMode)
   at Npgsql.NpgsqlDataReader.NextResultInternal()
   at Npgsql.NpgsqlDataReader.NextResult()
   at Npgsql.NpgsqlCommand.Execute(CommandBehavior behavior)
   at Npgsql.NpgsqlCommand.ExecuteNonQueryInternal()
   at Npgsql.NpgsqlCommand.ExecuteNonQuery()
   at Com.Nidec.Mes.Framework.DefaultNpgCommandAdaptor.ExecuteNonQuery(DbParameterList parameterList) in D:\VT CP\NIDEC MES\fw\NidecMES\Framework\DefaultNpgCommandAdaptor.cs:line 40
   at Com.Nidec.Mes.Common.Basic.MachineMaintenance.Dao.AddNewListCheckVTDao.Execute(TransactionContext trxContext, ValueObject vo) in D:\VT CP\NIDEC MES\common_basic\CommonBasicApplicationForNidecMES\MachineMaintenance\Dao\WarehouseVTCheckDao\AddNewListCheckVTDao.cs:line 42
   at Com.Nidec.Mes.Common.Basic.MachineMaintenance.Cbm.AddNewListCheckVTCbm.Execute(TransactionContext trxContext, ValueObject vo) in D:\VT CP\NIDEC MES\common_basic\CommonBasicApplicationForNidecMES\MachineMaintenance\Cbm\WarehouseVTCheckCbm\AddNewListCheckVTCbm.cs:line 26
   at Com.Nidec.Mes.Framework.DefaultCbmInvoker.Invoke(CbmController cbm, ValueObject vo, UserData userData, TransactionContextFactory trxFactory, String connectionString) in D:\VT CP\NIDEC MES\fw\NidecMES\Framework\DefaultCbmInvoker.cs:line 117
2018-05-26 13:05:49,605 ERROR [Com.Nidec.Mes.Framework.DefaultCbmInvoker] [ffce00003]23505: duplicate key value violates unique constraint "t_vt_list_check_pkey".
Npgsql.PostgresException (0x80004005): 23505: duplicate key value violates unique constraint "t_vt_list_check_pkey"
   at Npgsql.NpgsqlConnector.DoReadMessage(DataRowLoadingMode dataRowLoadingMode, Boolean isPrependedMessage)
   at Npgsql.NpgsqlConnector.ReadMessageWithPrepended(DataRowLoadingMode dataRowLoadingMode)
   at Npgsql.NpgsqlDataReader.NextResultInternal()
   at Npgsql.NpgsqlDataReader.NextResult()
   at Npgsql.NpgsqlCommand.Execute(CommandBehavior behavior)
   at Npgsql.NpgsqlCommand.ExecuteNonQueryInternal()
   at Npgsql.NpgsqlCommand.ExecuteNonQuery()
   at Com.Nidec.Mes.Framework.DefaultNpgCommandAdaptor.ExecuteNonQuery(DbParameterList parameterList) in D:\VT CP\NIDEC MES\fw\NidecMES\Framework\DefaultNpgCommandAdaptor.cs:line 40
   at Com.Nidec.Mes.Common.Basic.MachineMaintenance.Dao.AddNewListCheckVTDao.Execute(TransactionContext trxContext, ValueObject vo) in D:\VT CP\NIDEC MES\common_basic\CommonBasicApplicationForNidecMES\MachineMaintenance\Dao\WarehouseVTCheckDao\AddNewListCheckVTDao.cs:line 42
   at Com.Nidec.Mes.Common.Basic.MachineMaintenance.Cbm.AddNewListCheckVTCbm.Execute(TransactionContext trxContext, ValueObject vo) in D:\VT CP\NIDEC MES\common_basic\CommonBasicApplicationForNidecMES\MachineMaintenance\Cbm\WarehouseVTCheckCbm\AddNewListCheckVTCbm.cs:line 26
   at Com.Nidec.Mes.Framework.DefaultCbmInvoker.Invoke(CbmController cbm, ValueObject vo, UserData userData, TransactionContextFactory trxFactory, String connectionString) in D:\VT CP\NIDEC MES\fw\NidecMES\Framework\DefaultCbmInvoker.cs:line 117
2018-05-26 13:05:50,620 ERROR [Com.Nidec.Mes.Framework.DefaultCbmInvoker] [ffce00003]23505: duplicate key value violates unique constraint "t_vt_list_check_pkey".
Npgsql.PostgresException (0x80004005): 23505: duplicate key value violates unique constraint "t_vt_list_check_pkey"
   at Npgsql.NpgsqlConnector.DoReadMessage(DataRowLoadingMode dataRowLoadingMode, Boolean isPrependedMessage)
   at Npgsql.NpgsqlConnector.ReadMessageWithPrepended(DataRowLoadingMode dataRowLoadingMode)
   at Npgsql.NpgsqlDataReader.NextResultInternal()
   at Npgsql.NpgsqlDataReader.NextResult()
   at Npgsql.NpgsqlCommand.Execute(CommandBehavior behavior)
   at Npgsql.NpgsqlCommand.ExecuteNonQueryInternal()
   at Npgsql.NpgsqlCommand.ExecuteNonQuery()
   at Com.Nidec.Mes.Framework.DefaultNpgCommandAdaptor.ExecuteNonQuery(DbParameterList parameterList) in D:\VT CP\NIDEC MES\fw\NidecMES\Framework\DefaultNpgCommandAdaptor.cs:line 40
   at Com.Nidec.Mes.Common.Basic.MachineMaintenance.Dao.AddNewListCheckVTDao.Execute(TransactionContext trxContext, ValueObject vo) in D:\VT CP\NIDEC MES\common_basic\CommonBasicApplicationForNidecMES\MachineMaintenance\Dao\WarehouseVTCheckDao\AddNewListCheckVTDao.cs:line 42
   at Com.Nidec.Mes.Common.Basic.MachineMaintenance.Cbm.AddNewListCheckVTCbm.Execute(TransactionContext trxContext, ValueObject vo) in D:\VT CP\NIDEC MES\common_basic\CommonBasicApplicationForNidecMES\MachineMaintenance\Cbm\WarehouseVTCheckCbm\AddNewListCheckVTCbm.cs:line 26
   at Com.Nidec.Mes.Framework.DefaultCbmInvoker.Invoke(CbmController cbm, ValueObject vo, UserData userData, TransactionContextFactory trxFactory, String connectionString) in D:\VT CP\NIDEC MES\fw\NidecMES\Framework\DefaultCbmInvoker.cs:line 117
2018-05-26 13:05:51,630 ERROR [Com.Nidec.Mes.Framework.DefaultCbmInvoker] [ffce00003]23505: duplicate key value violates unique constraint "t_vt_list_check_pkey".
Npgsql.PostgresException (0x80004005): 23505: duplicate key value violates unique constraint "t_vt_list_check_pkey"
   at Npgsql.NpgsqlConnector.DoReadMessage(DataRowLoadingMode dataRowLoadingMode, Boolean isPrependedMessage)
   at Npgsql.NpgsqlConnector.ReadMessageWithPrepended(DataRowLoadingMode dataRowLoadingMode)
   at Npgsql.NpgsqlDataReader.NextResultInternal()
   at Npgsql.NpgsqlDataReader.NextResult()
   at Npgsql.NpgsqlCommand.Execute(CommandBehavior behavior)
   at Npgsql.NpgsqlCommand.ExecuteNonQueryInternal()
   at Npgsql.NpgsqlCommand.ExecuteNonQuery()
   at Com.Nidec.Mes.Framework.DefaultNpgCommandAdaptor.ExecuteNonQuery(DbParameterList parameterList) in D:\VT CP\NIDEC MES\fw\NidecMES\Framework\DefaultNpgCommandAdaptor.cs:line 40
   at Com.Nidec.Mes.Common.Basic.MachineMaintenance.Dao.AddNewListCheckVTDao.Execute(TransactionContext trxContext, ValueObject vo) in D:\VT CP\NIDEC MES\common_basic\CommonBasicApplicationForNidecMES\MachineMaintenance\Dao\WarehouseVTCheckDao\AddNewListCheckVTDao.cs:line 42
   at Com.Nidec.Mes.Common.Basic.MachineMaintenance.Cbm.AddNewListCheckVTCbm.Execute(TransactionContext trxContext, ValueObject vo) in D:\VT CP\NIDEC MES\common_basic\CommonBasicApplicationForNidecMES\MachineMaintenance\Cbm\WarehouseVTCheckCbm\AddNewListCheckVTCbm.cs:line 26
   at Com.Nidec.Mes.Framework.DefaultCbmInvoker.Invoke(CbmController cbm, ValueObject vo, UserData userData, TransactionContextFactory trxFactory, String connectionString) in D:\VT CP\NIDEC MES\fw\NidecMES\Framework\DefaultCbmInvoker.cs:line 117
2018-05-26 13:05:52,643 ERROR [Com.Nidec.Mes.Framework.DefaultCbmInvoker] [ffce00003]23505: duplicate key value violates unique constraint "t_vt_list_check_pkey".
Npgsql.PostgresException (0x80004005): 23505: duplicate key value violates unique constraint "t_vt_list_check_pkey"
   at Npgsql.NpgsqlConnector.DoReadMessage(DataRowLoadingMode dataRowLoadingMode, Boolean isPrependedMessage)
   at Npgsql.NpgsqlConnector.ReadMessageWithPrepended(DataRowLoadingMode dataRowLoadingMode)
   at Npgsql.NpgsqlDataReader.NextResultInternal()
   at Npgsql.NpgsqlDataReader.NextResult()
   at Npgsql.NpgsqlCommand.Execute(CommandBehavior behavior)
   at Npgsql.NpgsqlCommand.ExecuteNonQueryInternal()
   at Npgsql.NpgsqlCommand.ExecuteNonQuery()
   at Com.Nidec.Mes.Framework.DefaultNpgCommandAdaptor.ExecuteNonQuery(DbParameterList parameterList) in D:\VT CP\NIDEC MES\fw\NidecMES\Framework\DefaultNpgCommandAdaptor.cs:line 40
   at Com.Nidec.Mes.Common.Basic.MachineMaintenance.Dao.AddNewListCheckVTDao.Execute(TransactionContext trxContext, ValueObject vo) in D:\VT CP\NIDEC MES\common_basic\CommonBasicApplicationForNidecMES\MachineMaintenance\Dao\WarehouseVTCheckDao\AddNewListCheckVTDao.cs:line 42
   at Com.Nidec.Mes.Common.Basic.MachineMaintenance.Cbm.AddNewListCheckVTCbm.Execute(TransactionContext trxContext, ValueObject vo) in D:\VT CP\NIDEC MES\common_basic\CommonBasicApplicationForNidecMES\MachineMaintenance\Cbm\WarehouseVTCheckCbm\AddNewListCheckVTCbm.cs:line 26
   at Com.Nidec.Mes.Framework.DefaultCbmInvoker.Invoke(CbmController cbm, ValueObject vo, UserData userData, TransactionContextFactory trxFactory, String connectionString) in D:\VT CP\NIDEC MES\fw\NidecMES\Framework\DefaultCbmInvoker.cs:line 117
2018-05-26 13:05:53,669 ERROR [Com.Nidec.Mes.Framework.DefaultCbmInvoker] [ffce00003]23505: duplicate key value violates unique constraint "t_vt_list_check_pkey".
Npgsql.PostgresException (0x80004005): 23505: duplicate key value violates unique constraint "t_vt_list_check_pkey"
   at Npgsql.NpgsqlConnector.DoReadMessage(DataRowLoadingMode dataRowLoadingMode, Boolean isPrependedMessage)
   at Npgsql.NpgsqlConnector.ReadMessageWithPrepended(DataRowLoadingMode dataRowLoadingMode)
   at Npgsql.NpgsqlDataReader.NextResultInternal()
   at Npgsql.NpgsqlDataReader.NextResult()
   at Npgsql.NpgsqlCommand.Execute(CommandBehavior behavior)
   at Npgsql.NpgsqlCommand.ExecuteNonQueryInternal()
   at Npgsql.NpgsqlCommand.ExecuteNonQuery()
   at Com.Nidec.Mes.Framework.DefaultNpgCommandAdaptor.ExecuteNonQuery(DbParameterList parameterList) in D:\VT CP\NIDEC MES\fw\NidecMES\Framework\DefaultNpgCommandAdaptor.cs:line 40
   at Com.Nidec.Mes.Common.Basic.MachineMaintenance.Dao.AddNewListCheckVTDao.Execute(TransactionContext trxContext, ValueObject vo) in D:\VT CP\NIDEC MES\common_basic\CommonBasicApplicationForNidecMES\MachineMaintenance\Dao\WarehouseVTCheckDao\AddNewListCheckVTDao.cs:line 42
   at Com.Nidec.Mes.Common.Basic.MachineMaintenance.Cbm.AddNewListCheckVTCbm.Execute(TransactionContext trxContext, ValueObject vo) in D:\VT CP\NIDEC MES\common_basic\CommonBasicApplicationForNidecMES\MachineMaintenance\Cbm\WarehouseVTCheckCbm\AddNewListCheckVTCbm.cs:line 26
   at Com.Nidec.Mes.Framework.DefaultCbmInvoker.Invoke(CbmController cbm, ValueObject vo, UserData userData, TransactionContextFactory trxFactory, String connectionString) in D:\VT CP\NIDEC MES\fw\NidecMES\Framework\DefaultCbmInvoker.cs:line 117
2018-05-26 13:05:54,679 ERROR [Com.Nidec.Mes.Framework.DefaultCbmInvoker] [ffce00003]23505: duplicate key value violates unique constraint "t_vt_list_check_pkey".
Npgsql.PostgresException (0x80004005): 23505: duplicate key value violates unique constraint "t_vt_list_check_pkey"
   at Npgsql.NpgsqlConnector.DoReadMessage(DataRowLoadingMode dataRowLoadingMode, Boolean isPrependedMessage)
   at Npgsql.NpgsqlConnector.ReadMessageWithPrepended(DataRowLoadingMode dataRowLoadingMode)
   at Npgsql.NpgsqlDataReader.NextResultInternal()
   at Npgsql.NpgsqlDataReader.NextResult()
   at Npgsql.NpgsqlCommand.Execute(CommandBehavior behavior)
   at Npgsql.NpgsqlCommand.ExecuteNonQueryInternal()
   at Npgsql.NpgsqlCommand.ExecuteNonQuery()
   at Com.Nidec.Mes.Framework.DefaultNpgCommandAdaptor.ExecuteNonQuery(DbParameterList parameterList) in D:\VT CP\NIDEC MES\fw\NidecMES\Framework\DefaultNpgCommandAdaptor.cs:line 40
   at Com.Nidec.Mes.Common.Basic.MachineMaintenance.Dao.AddNewListCheckVTDao.Execute(TransactionContext trxContext, ValueObject vo) in D:\VT CP\NIDEC MES\common_basic\CommonBasicApplicationForNidecMES\MachineMaintenance\Dao\WarehouseVTCheckDao\AddNewListCheckVTDao.cs:line 42
   at Com.Nidec.Mes.Common.Basic.MachineMaintenance.Cbm.AddNewListCheckVTCbm.Execute(TransactionContext trxContext, ValueObject vo) in D:\VT CP\NIDEC MES\common_basic\CommonBasicApplicationForNidecMES\MachineMaintenance\Cbm\WarehouseVTCheckCbm\AddNewListCheckVTCbm.cs:line 26
   at Com.Nidec.Mes.Framework.DefaultCbmInvoker.Invoke(CbmController cbm, ValueObject vo, UserData userData, TransactionContextFactory trxFactory, String connectionString) in D:\VT CP\NIDEC MES\fw\NidecMES\Framework\DefaultCbmInvoker.cs:line 117
2018-05-26 13:06:41,782 INFO  [Com.Nidec.Mes.Framework.Login.LoginForm] [llce00001]Login Click. Start : 2018-05-26 13:06:41
2018-05-26 13:07:15,192 INFO  [Com.Nidec.Mes.Framework.Login.LoginForm] [llce00001]Login Click. End : 2018-05-26 13:07:15
2018-05-26 13:08:13,590 INFO  [Com.Nidec.Mes.Framework.Login.LoginForm] [llce00001]Login Click. Start : 2018-05-26 13:08:13
2018-05-26 13:09:05,620 ERROR [Com.Nidec.Mes.Framework.DefaultCbmInvoker] [ffce00003]23505: duplicate key value violates unique constraint "t_vt_list_check_pkey".
Npgsql.PostgresException (0x80004005): 23505: duplicate key value violates unique constraint "t_vt_list_check_pkey"
   at Npgsql.NpgsqlConnector.DoReadMessage(DataRowLoadingMode dataRowLoadingMode, Boolean isPrependedMessage)
   at Npgsql.NpgsqlConnector.ReadMessageWithPrepended(DataRowLoadingMode dataRowLoadingMode)
   at Npgsql.NpgsqlDataReader.NextResultInternal()
   at Npgsql.NpgsqlDataReader.NextResult()
   at Npgsql.NpgsqlCommand.Execute(CommandBehavior behavior)
   at Npgsql.NpgsqlCommand.ExecuteNonQueryInternal()
   at Npgsql.NpgsqlCommand.ExecuteNonQuery()
   at Com.Nidec.Mes.Framework.DefaultNpgCommandAdaptor.ExecuteNonQuery(DbParameterList parameterList) in D:\VT CP\NIDEC MES\fw\NidecMES\Framework\DefaultNpgCommandAdaptor.cs:line 40
   at Com.Nidec.Mes.Common.Basic.MachineMaintenance.Dao.AddNewListCheckVTDao.Execute(TransactionContext trxContext, ValueObject vo) in D:\VT CP\NIDEC MES\common_basic\CommonBasicApplicationForNidecMES\MachineMaintenance\Dao\WarehouseVTCheckDao\AddNewListCheckVTDao.cs:line 42
   at Com.Nidec.Mes.Common.Basic.MachineMaintenance.Cbm.AddNewListCheckVTCbm.Execute(TransactionContext trxContext, ValueObject vo) in D:\VT CP\NIDEC MES\common_basic\CommonBasicApplicationForNidecMES\MachineMaintenance\Cbm\WarehouseVTCheckCbm\AddNewListCheckVTCbm.cs:line 26
   at Com.Nidec.Mes.Framework.DefaultCbmInvoker.Invoke(CbmController cbm, ValueObject vo, UserData userData, TransactionContextFactory trxFactory, String connectionString) in D:\VT CP\NIDEC MES\fw\NidecMES\Framework\DefaultCbmInvoker.cs:line 117
2018-05-26 13:09:08,562 ERROR [Com.Nidec.Mes.Framework.DefaultCbmInvoker] [ffce00003]23505: duplicate key value violates unique constraint "t_vt_list_check_pkey".
Npgsql.PostgresException (0x80004005): 23505: duplicate key value violates unique constraint "t_vt_list_check_pkey"
   at Npgsql.NpgsqlConnector.DoReadMessage(DataRowLoadingMode dataRowLoadingMode, Boolean isPrependedMessage)
   at Npgsql.NpgsqlConnector.ReadMessageWithPrepended(DataRowLoadingMode dataRowLoadingMode)
   at Npgsql.NpgsqlDataReader.NextResultInternal()
   at Npgsql.NpgsqlDataReader.NextResult()
   at Npgsql.NpgsqlCommand.Execute(CommandBehavior behavior)
   at Npgsql.NpgsqlCommand.ExecuteNonQueryInternal()
   at Npgsql.NpgsqlCommand.ExecuteNonQuery()
   at Com.Nidec.Mes.Framework.DefaultNpgCommandAdaptor.ExecuteNonQuery(DbParameterList parameterList) in D:\VT CP\NIDEC MES\fw\NidecMES\Framework\DefaultNpgCommandAdaptor.cs:line 40
   at Com.Nidec.Mes.Common.Basic.MachineMaintenance.Dao.AddNewListCheckVTDao.Execute(TransactionContext trxContext, ValueObject vo) in D:\VT CP\NIDEC MES\common_basic\CommonBasicApplicationForNidecMES\MachineMaintenance\Dao\WarehouseVTCheckDao\AddNewListCheckVTDao.cs:line 42
   at Com.Nidec.Mes.Common.Basic.MachineMaintenance.Cbm.AddNewListCheckVTCbm.Execute(TransactionContext trxContext, ValueObject vo) in D:\VT CP\NIDEC MES\common_basic\CommonBasicApplicationForNidecMES\MachineMaintenance\Cbm\WarehouseVTCheckCbm\AddNewListCheckVTCbm.cs:line 26
   at Com.Nidec.Mes.Framework.DefaultCbmInvoker.Invoke(CbmController cbm, ValueObject vo, UserData userData, TransactionContextFactory trxFactory, String connectionString) in D:\VT CP\NIDEC MES\fw\NidecMES\Framework\DefaultCbmInvoker.cs:line 117
2018-05-26 13:09:11,574 ERROR [Com.Nidec.Mes.Framework.DefaultCbmInvoker] [ffce00003]23505: duplicate key value violates unique constraint "t_vt_list_check_pkey".
Npgsql.PostgresException (0x80004005): 23505: duplicate key value violates unique constraint "t_vt_list_check_pkey"
   at Npgsql.NpgsqlConnector.DoReadMessage(DataRowLoadingMode dataRowLoadingMode, Boolean isPrependedMessage)
   at Npgsql.NpgsqlConnector.ReadMessageWithPrepended(DataRowLoadingMode dataRowLoadingMode)
   at Npgsql.NpgsqlDataReader.NextResultInternal()
   at Npgsql.NpgsqlDataReader.NextResult()
   at Npgsql.NpgsqlCommand.Execute(CommandBehavior behavior)
   at Npgsql.NpgsqlCommand.ExecuteNonQueryInternal()
   at Npgsql.NpgsqlCommand.ExecuteNonQuery()
   at Com.Nidec.Mes.Framework.DefaultNpgCommandAdaptor.ExecuteNonQuery(DbParameterList parameterList) in D:\VT CP\NIDEC MES\fw\NidecMES\Framework\DefaultNpgCommandAdaptor.cs:line 40
   at Com.Nidec.Mes.Common.Basic.MachineMaintenance.Dao.AddNewListCheckVTDao.Execute(TransactionContext trxContext, ValueObject vo) in D:\VT CP\NIDEC MES\common_basic\CommonBasicApplicationForNidecMES\MachineMaintenance\Dao\WarehouseVTCheckDao\AddNewListCheckVTDao.cs:line 42
   at Com.Nidec.Mes.Common.Basic.MachineMaintenance.Cbm.AddNewListCheckVTCbm.Execute(TransactionContext trxContext, ValueObject vo) in D:\VT CP\NIDEC MES\common_basic\CommonBasicApplicationForNidecMES\MachineMaintenance\Cbm\WarehouseVTCheckCbm\AddNewListCheckVTCbm.cs:line 26
   at Com.Nidec.Mes.Framework.DefaultCbmInvoker.Invoke(CbmController cbm, ValueObject vo, UserData userData, TransactionContextFactory trxFactory, String connectionString) in D:\VT CP\NIDEC MES\fw\NidecMES\Framework\DefaultCbmInvoker.cs:line 117
2018-05-26 13:09:14,578 ERROR [Com.Nidec.Mes.Framework.DefaultCbmInvoker] [ffce00003]23505: duplicate key value violates unique constraint "t_vt_list_check_pkey".
Npgsql.PostgresException (0x80004005): 23505: duplicate key value violates unique constraint "t_vt_list_check_pkey"
   at Npgsql.NpgsqlConnector.DoReadMessage(DataRowLoadingMode dataRowLoadingMode, Boolean isPrependedMessage)
   at Npgsql.NpgsqlConnector.ReadMessageWithPrepended(DataRowLoadingMode dataRowLoadingMode)
   at Npgsql.NpgsqlDataReader.NextResultInternal()
   at Npgsql.NpgsqlDataReader.NextResult()
   at Npgsql.NpgsqlCommand.Execute(CommandBehavior behavior)
   at Npgsql.NpgsqlCommand.ExecuteNonQueryInternal()
   at Npgsql.NpgsqlCommand.ExecuteNonQuery()
   at Com.Nidec.Mes.Framework.DefaultNpgCommandAdaptor.ExecuteNonQuery(DbParameterList parameterList) in D:\VT CP\NIDEC MES\fw\NidecMES\Framework\DefaultNpgCommandAdaptor.cs:line 40
   at Com.Nidec.Mes.Common.Basic.MachineMaintenance.Dao.AddNewListCheckVTDao.Execute(TransactionContext trxContext, ValueObject vo) in D:\VT CP\NIDEC MES\common_basic\CommonBasicApplicationForNidecMES\MachineMaintenance\Dao\WarehouseVTCheckDao\AddNewListCheckVTDao.cs:line 42
   at Com.Nidec.Mes.Common.Basic.MachineMaintenance.Cbm.AddNewListCheckVTCbm.Execute(TransactionContext trxContext, ValueObject vo) in D:\VT CP\NIDEC MES\common_basic\CommonBasicApplicationForNidecMES\MachineMaintenance\Cbm\WarehouseVTCheckCbm\AddNewListCheckVTCbm.cs:line 26
   at Com.Nidec.Mes.Framework.DefaultCbmInvoker.Invoke(CbmController cbm, ValueObject vo, UserData userData, TransactionContextFactory trxFactory, String connectionString) in D:\VT CP\NIDEC MES\fw\NidecMES\Framework\DefaultCbmInvoker.cs:line 117
2018-05-26 13:09:17,587 ERROR [Com.Nidec.Mes.Framework.DefaultCbmInvoker] [ffce00003]23505: duplicate key value violates unique constraint "t_vt_list_check_pkey".
Npgsql.PostgresException (0x80004005): 23505: duplicate key value violates unique constraint "t_vt_list_check_pkey"
   at Npgsql.NpgsqlConnector.DoReadMessage(DataRowLoadingMode dataRowLoadingMode, Boolean isPrependedMessage)
   at Npgsql.NpgsqlConnector.ReadMessageWithPrepended(DataRowLoadingMode dataRowLoadingMode)
   at Npgsql.NpgsqlDataReader.NextResultInternal()
   at Npgsql.NpgsqlDataReader.NextResult()
   at Npgsql.NpgsqlCommand.Execute(CommandBehavior behavior)
   at Npgsql.NpgsqlCommand.ExecuteNonQueryInternal()
   at Npgsql.NpgsqlCommand.ExecuteNonQuery()
   at Com.Nidec.Mes.Framework.DefaultNpgCommandAdaptor.ExecuteNonQuery(DbParameterList parameterList) in D:\VT CP\NIDEC MES\fw\NidecMES\Framework\DefaultNpgCommandAdaptor.cs:line 40
   at Com.Nidec.Mes.Common.Basic.MachineMaintenance.Dao.AddNewListCheckVTDao.Execute(TransactionContext trxContext, ValueObject vo) in D:\VT CP\NIDEC MES\common_basic\CommonBasicApplicationForNidecMES\MachineMaintenance\Dao\WarehouseVTCheckDao\AddNewListCheckVTDao.cs:line 42
   at Com.Nidec.Mes.Common.Basic.MachineMaintenance.Cbm.AddNewListCheckVTCbm.Execute(TransactionContext trxContext, ValueObject vo) in D:\VT CP\NIDEC MES\common_basic\CommonBasicApplicationForNidecMES\MachineMaintenance\Cbm\WarehouseVTCheckCbm\AddNewListCheckVTCbm.cs:line 26
   at Com.Nidec.Mes.Framework.DefaultCbmInvoker.Invoke(CbmController cbm, ValueObject vo, UserData userData, TransactionContextFactory trxFactory, String connectionString) in D:\VT CP\NIDEC MES\fw\NidecMES\Framework\DefaultCbmInvoker.cs:line 117
2018-05-26 13:09:20,594 ERROR [Com.Nidec.Mes.Framework.DefaultCbmInvoker] [ffce00003]23505: duplicate key value violates unique constraint "t_vt_list_check_pkey".
Npgsql.PostgresException (0x80004005): 23505: duplicate key value violates unique constraint "t_vt_list_check_pkey"
   at Npgsql.NpgsqlConnector.DoReadMessage(DataRowLoadingMode dataRowLoadingMode, Boolean isPrependedMessage)
   at Npgsql.NpgsqlConnector.ReadMessageWithPrepended(DataRowLoadingMode dataRowLoadingMode)
   at Npgsql.NpgsqlDataReader.NextResultInternal()
   at Npgsql.NpgsqlDataReader.NextResult()
   at Npgsql.NpgsqlCommand.Execute(CommandBehavior behavior)
   at Npgsql.NpgsqlCommand.ExecuteNonQueryInternal()
   at Npgsql.NpgsqlCommand.ExecuteNonQuery()
   at Com.Nidec.Mes.Framework.DefaultNpgCommandAdaptor.ExecuteNonQuery(DbParameterList parameterList) in D:\VT CP\NIDEC MES\fw\NidecMES\Framework\DefaultNpgCommandAdaptor.cs:line 40
   at Com.Nidec.Mes.Common.Basic.MachineMaintenance.Dao.AddNewListCheckVTDao.Execute(TransactionContext trxContext, ValueObject vo) in D:\VT CP\NIDEC MES\common_basic\CommonBasicApplicationForNidecMES\MachineMaintenance\Dao\WarehouseVTCheckDao\AddNewListCheckVTDao.cs:line 42
   at Com.Nidec.Mes.Common.Basic.MachineMaintenance.Cbm.AddNewListCheckVTCbm.Execute(TransactionContext trxContext, ValueObject vo) in D:\VT CP\NIDEC MES\common_basic\CommonBasicApplicationForNidecMES\MachineMaintenance\Cbm\WarehouseVTCheckCbm\AddNewListCheckVTCbm.cs:line 26
   at Com.Nidec.Mes.Framework.DefaultCbmInvoker.Invoke(CbmController cbm, ValueObject vo, UserData userData, TransactionContextFactory trxFactory, String connectionString) in D:\VT CP\NIDEC MES\fw\NidecMES\Framework\DefaultCbmInvoker.cs:line 117
2018-05-26 13:09:23,620 ERROR [Com.Nidec.Mes.Framework.DefaultCbmInvoker] [ffce00003]23505: duplicate key value violates unique constraint "t_vt_list_check_pkey".
Npgsql.PostgresException (0x80004005): 23505: duplicate key value violates unique constraint "t_vt_list_check_pkey"
   at Npgsql.NpgsqlConnector.DoReadMessage(DataRowLoadingMode dataRowLoadingMode, Boolean isPrependedMessage)
   at Npgsql.NpgsqlConnector.ReadMessageWithPrepended(DataRowLoadingMode dataRowLoadingMode)
   at Npgsql.NpgsqlDataReader.NextResultInternal()
   at Npgsql.NpgsqlDataReader.NextResult()
   at Npgsql.NpgsqlCommand.Execute(CommandBehavior behavior)
   at Npgsql.NpgsqlCommand.ExecuteNonQueryInternal()
   at Npgsql.NpgsqlCommand.ExecuteNonQuery()
   at Com.Nidec.Mes.Framework.DefaultNpgCommandAdaptor.ExecuteNonQuery(DbParameterList parameterList) in D:\VT CP\NIDEC MES\fw\NidecMES\Framework\DefaultNpgCommandAdaptor.cs:line 40
   at Com.Nidec.Mes.Common.Basic.MachineMaintenance.Dao.AddNewListCheckVTDao.Execute(TransactionContext trxContext, ValueObject vo) in D:\VT CP\NIDEC MES\common_basic\CommonBasicApplicationForNidecMES\MachineMaintenance\Dao\WarehouseVTCheckDao\AddNewListCheckVTDao.cs:line 42
   at Com.Nidec.Mes.Common.Basic.MachineMaintenance.Cbm.AddNewListCheckVTCbm.Execute(TransactionContext trxContext, ValueObject vo) in D:\VT CP\NIDEC MES\common_basic\CommonBasicApplicationForNidecMES\MachineMaintenance\Cbm\WarehouseVTCheckCbm\AddNewListCheckVTCbm.cs:line 26
   at Com.Nidec.Mes.Framework.DefaultCbmInvoker.Invoke(CbmController cbm, ValueObject vo, UserData userData, TransactionContextFactory trxFactory, String connectionString) in D:\VT CP\NIDEC MES\fw\NidecMES\Framework\DefaultCbmInvoker.cs:line 117
2018-05-26 13:09:26,623 ERROR [Com.Nidec.Mes.Framework.DefaultCbmInvoker] [ffce00003]23505: duplicate key value violates unique constraint "t_vt_list_check_pkey".
Npgsql.PostgresException (0x80004005): 23505: duplicate key value violates unique constraint "t_vt_list_check_pkey"
   at Npgsql.NpgsqlConnector.DoReadMessage(DataRowLoadingMode dataRowLoadingMode, Boolean isPrependedMessage)
   at Npgsql.NpgsqlConnector.ReadMessageWithPrepended(DataRowLoadingMode dataRowLoadingMode)
   at Npgsql.NpgsqlDataReader.NextResultInternal()
   at Npgsql.NpgsqlDataReader.NextResult()
   at Npgsql.NpgsqlCommand.Execute(CommandBehavior behavior)
   at Npgsql.NpgsqlCommand.ExecuteNonQueryInternal()
   at Npgsql.NpgsqlCommand.ExecuteNonQuery()
   at Com.Nidec.Mes.Framework.DefaultNpgCommandAdaptor.ExecuteNonQuery(DbParameterList parameterList) in D:\VT CP\NIDEC MES\fw\NidecMES\Framework\DefaultNpgCommandAdaptor.cs:line 40
   at Com.Nidec.Mes.Common.Basic.MachineMaintenance.Dao.AddNewListCheckVTDao.Execute(TransactionContext trxContext, ValueObject vo) in D:\VT CP\NIDEC MES\common_basic\CommonBasicApplicationForNidecMES\MachineMaintenance\Dao\WarehouseVTCheckDao\AddNewListCheckVTDao.cs:line 42
   at Com.Nidec.Mes.Common.Basic.MachineMaintenance.Cbm.AddNewListCheckVTCbm.Execute(TransactionContext trxContext, ValueObject vo) in D:\VT CP\NIDEC MES\common_basic\CommonBasicApplicationForNidecMES\MachineMaintenance\Cbm\WarehouseVTCheckCbm\AddNewListCheckVTCbm.cs:line 26
   at Com.Nidec.Mes.Framework.DefaultCbmInvoker.Invoke(CbmController cbm, ValueObject vo, UserData userData, TransactionContextFactory trxFactory, String connectionString) in D:\VT CP\NIDEC MES\fw\NidecMES\Framework\DefaultCbmInvoker.cs:line 117
2018-05-26 13:09:29,626 ERROR [Com.Nidec.Mes.Framework.DefaultCbmInvoker] [ffce00003]23505: duplicate key value violates unique constraint "t_vt_list_check_pkey".
Npgsql.PostgresException (0x80004005): 23505: duplicate key value violates unique constraint "t_vt_list_check_pkey"
   at Npgsql.NpgsqlConnector.DoReadMessage(DataRowLoadingMode dataRowLoadingMode, Boolean isPrependedMessage)
   at Npgsql.NpgsqlConnector.ReadMessageWithPrepended(DataRowLoadingMode dataRowLoadingMode)
   at Npgsql.NpgsqlDataReader.NextResultInternal()
   at Npgsql.NpgsqlDataReader.NextResult()
   at Npgsql.NpgsqlCommand.Execute(CommandBehavior behavior)
   at Npgsql.NpgsqlCommand.ExecuteNonQueryInternal()
   at Npgsql.NpgsqlCommand.ExecuteNonQuery()
   at Com.Nidec.Mes.Framework.DefaultNpgCommandAdaptor.ExecuteNonQuery(DbParameterList parameterList) in D:\VT CP\NIDEC MES\fw\NidecMES\Framework\DefaultNpgCommandAdaptor.cs:line 40
   at Com.Nidec.Mes.Common.Basic.MachineMaintenance.Dao.AddNewListCheckVTDao.Execute(TransactionContext trxContext, ValueObject vo) in D:\VT CP\NIDEC MES\common_basic\CommonBasicApplicationForNidecMES\MachineMaintenance\Dao\WarehouseVTCheckDao\AddNewListCheckVTDao.cs:line 42
   at Com.Nidec.Mes.Common.Basic.MachineMaintenance.Cbm.AddNewListCheckVTCbm.Execute(TransactionContext trxContext, ValueObject vo) in D:\VT CP\NIDEC MES\common_basic\CommonBasicApplicationForNidecMES\MachineMaintenance\Cbm\WarehouseVTCheckCbm\AddNewListCheckVTCbm.cs:line 26
   at Com.Nidec.Mes.Framework.DefaultCbmInvoker.Invoke(CbmController cbm, ValueObject vo, UserData userData, TransactionContextFactory trxFactory, String connectionString) in D:\VT CP\NIDEC MES\fw\NidecMES\Framework\DefaultCbmInvoker.cs:line 117
2018-05-26 13:09:39,565 INFO  [Com.Nidec.Mes.Framework.Login.LoginForm] [llce00001]Login Click. End : 2018-05-26 13:09:39
2018-05-26 13:13:19,588 INFO  [Com.Nidec.Mes.Framework.Login.LoginForm] [llce00001]Login Click. Start : 2018-05-26 13:13:19
2018-05-26 13:17:59,426 INFO  [Com.Nidec.Mes.Framework.Login.LoginForm] [llce00001]Login Click. Start : 2018-05-26 13:17:59
2018-05-26 13:20:08,922 INFO  [Com.Nidec.Mes.Framework.Login.LoginForm] [llce00001]Login Click. End : 2018-05-26 13:20:08
2018-05-26 13:21:12,207 INFO  [Com.Nidec.Mes.Framework.Login.LoginForm] [llce00001]Login Click. Start : 2018-05-26 13:21:12
2018-05-26 13:23:13,968 INFO  [Com.Nidec.Mes.Framework.Login.LoginForm] [llce00001]Login Click. End : 2018-05-26 13:23:13
2018-05-26 13:24:47,179 INFO  [Com.Nidec.Mes.Framework.Login.LoginForm] [llce00001]Login Click. Start : 2018-05-26 13:24:47
2018-05-26 13:28:25,528 INFO  [Com.Nidec.Mes.Framework.Login.LoginForm] [llce00001]Login Click. End : 2018-05-26 13:28:25
2018-05-26 13:29:12,487 INFO  [Com.Nidec.Mes.Framework.Login.LoginForm] [llce00001]Login Click. Start : 2018-05-26 13:29:12
2018-05-26 13:30:22,071 INFO  [Com.Nidec.Mes.Framework.Login.LoginForm] [llce00001]Login Click. End : 2018-05-26 13:30:22
2018-05-30 07:51:13,368 INFO  [Com.Nidec.Mes.Framework.Login.LoginForm] [llce00001]Login Click. Start : 2018-05-30 07:51:13
2018-05-30 07:51:20,668 INFO  [Com.Nidec.Mes.Framework.Login.LoginForm] [llce00001]Login Click. End : 2018-05-30 07:51:20
2018-05-30 08:05:23,380 INFO  [Com.Nidec.Mes.Framework.Login.LoginForm] [llce00001]Login Click. Start : 2018-05-30 08:05:23
2018-05-30 08:05:24,215 INFO  [Com.Nidec.Mes.Framework.Login.LoginForm] [llce00004]Please provide  valid input.
2018-05-30 08:05:25,210 INFO  [Com.Nidec.Mes.Framework.Login.LoginForm] [llce00001]Login Click. End : 2018-05-30 08:05:25
2018-05-30 08:05:29,523 INFO  [Com.Nidec.Mes.Framework.Login.LoginForm] [llce00001]Login Click. Start : 2018-05-30 08:05:29
2018-05-30 08:05:29,528 INFO  [Com.Nidec.Mes.Framework.Login.LoginForm] [llce00004]Please provide  valid input.
2018-05-30 08:05:30,708 INFO  [Com.Nidec.Mes.Framework.Login.LoginForm] [llce00001]Login Click. End : 2018-05-30 08:05:30
2018-05-30 08:05:35,496 INFO  [Com.Nidec.Mes.Framework.Login.LoginForm] [llce00001]Login Click. Start : 2018-05-30 08:05:35
2018-05-30 08:06:24,186 INFO  [Com.Nidec.Mes.Framework.Login.LoginForm] [llce00001]Login Click. End : 2018-05-30 08:06:24
2018-05-30 08:08:12,707 INFO  [Com.Nidec.Mes.Framework.Login.LoginForm] [llce00001]Login Click. Start : 2018-05-30 08:08:12
2018-05-30 08:08:36,819 INFO  [Com.Nidec.Mes.Framework.Login.LoginForm] [llce00001]Login Click. End : 2018-05-30 08:08:36
2018-05-30 08:14:01,106 INFO  [Com.Nidec.Mes.Framework.Login.LoginForm] [llce00001]Login Click. Start : 2018-05-30 08:14:01
2018-05-30 08:16:08,055 INFO  [Com.Nidec.Mes.Framework.Login.LoginForm] [llce00001]Login Click. End : 2018-05-30 08:16:08
2018-05-30 08:17:18,291 INFO  [Com.Nidec.Mes.Framework.Login.LoginForm] [llce00001]Login Click. Start : 2018-05-30 08:17:18
2018-05-30 08:47:26,140 INFO  [Com.Nidec.Mes.Framework.Login.LoginForm] [llce00001]Login Click. Start : 2018-05-30 08:47:26
2018-05-30 08:56:29,371 INFO  [Com.Nidec.Mes.Common.Basic.MachineMaintenance.Form.AddNewMachineVT] [mmce00001]Record is already registered
2018-05-30 08:56:45,041 INFO  [Com.Nidec.Mes.Common.Basic.MachineMaintenance.Form.WarehouseVTForm] [mmce00001]Record is already registered
2018-05-30 09:00:40,404 ERROR [Com.Nidec.Mes.Framework.DefaultCbmInvoker] [ffce00003]Input string was not in a correct format..
System.FormatException: Input string was not in a correct format.
   at System.Number.ParseDouble(String value, NumberStyles options, NumberFormatInfo numfmt)
   at System.Double.Parse(String s)
   at Com.Nidec.Mes.Common.Basic.MachineMaintenance.Dao.UpdateRFIdDao.Execute(TransactionContext trxContext, ValueObject vo) in D:\VT CP\NIDEC MES\common_basic\CommonBasicApplicationForNidecMES\MachineMaintenance\Dao\WarehouseVTDao\UpdateRFIdDao.cs:line 53
   at Com.Nidec.Mes.Common.Basic.MachineMaintenance.Cbm.UpdateRFIdCbm.Execute(TransactionContext trxContext, ValueObject vo) in D:\VT CP\NIDEC MES\common_basic\CommonBasicApplicationForNidecMES\MachineMaintenance\Cbm\WarehouseVTCbm\UpdateRFIdCbm.cs:line 26
   at Com.Nidec.Mes.Framework.DefaultCbmInvoker.Invoke(CbmController cbm, ValueObject vo, UserData userData, TransactionContextFactory trxFactory, String connectionString) in D:\VT CP\NIDEC MES\fw\NidecMES\Framework\DefaultCbmInvoker.cs:line 117
2018-05-30 09:00:42,481 INFO  [Com.Nidec.Mes.Framework.Login.LoginForm] [llce00001]Login Click. End : 2018-05-30 09:00:42
2018-05-30 09:56:48,781 INFO  [Com.Nidec.Mes.Framework.Login.LoginForm] [llce00001]Login Click. Start : 2018-05-30 09:56:48
2018-05-30 09:58:17,473 INFO  [Com.Nidec.Mes.Framework.Login.LoginForm] [llce00001]Login Click. End : 2018-05-30 09:58:17
2018-05-30 09:58:18,592 INFO  [Com.Nidec.Mes.Framework.Login.LoginForm] [llce00001]Login Click. Start : 2018-05-30 09:58:18
2018-05-30 09:58:23,965 INFO  [Com.Nidec.Mes.Framework.Login.LoginForm] [llce00001]Login Click. End : 2018-05-30 09:58:23
2018-05-31 09:00:11,128 INFO  [Com.Nidec.Mes.Framework.Login.LoginForm] [llce00001]Login Click. Start : 2018-05-31 09:00:11
2018-05-31 09:01:24,964 INFO  [Com.Nidec.Mes.Framework.Login.LoginForm] [llce00001]Login Click. End : 2018-05-31 09:01:24
2018-05-31 09:03:37,622 INFO  [Com.Nidec.Mes.Framework.Login.LoginForm] [llce00001]Login Click. Start : 2018-05-31 09:03:37
2018-05-31 09:04:10,145 INFO  [Com.Nidec.Mes.Framework.Login.LoginForm] [llce00001]Login Click. End : 2018-05-31 09:04:10
2018-05-31 09:05:55,581 INFO  [Com.Nidec.Mes.Framework.Login.LoginForm] [llce00001]Login Click. Start : 2018-05-31 09:05:55
2018-05-31 09:05:58,659 INFO  [Com.Nidec.Mes.Framework.Login.LoginForm] [llce00001]Login Click. End : 2018-05-31 09:05:58
2018-05-31 13:24:26,508 INFO  [Com.Nidec.Mes.Framework.Login.LoginForm] [llce00001]Login Click. Start : 2018-05-31 13:24:26
2018-05-31 13:35:55,217 INFO  [Com.Nidec.Mes.Framework.Login.LoginForm] [llce00001]Login Click. End : 2018-05-31 13:35:55
2018-05-31 16:16:36,966 INFO  [Com.Nidec.Mes.Framework.Login.LoginForm] [llce00001]Login Click. Start : 2018-05-31 16:16:36
2018-05-31 16:16:45,116 INFO  [Com.Nidec.Mes.Framework.Login.LoginForm] [llce00001]Login Click. End : 2018-05-31 16:16:45
2018-05-31 16:17:16,576 INFO  [Com.Nidec.Mes.Framework.Login.LoginForm] [llce00001]Login Click. Start : 2018-05-31 16:17:16
2018-06-18 13:24:42,498 INFO  [Com.Nidec.Mes.Framework.Login.LoginForm] [llce00001]Login Click. Start : 2018-06-18 13:24:42
2018-06-18 13:25:56,697 INFO  [Com.Nidec.Mes.Framework.Login.LoginForm] [llce00001]Login Click. End : 2018-06-18 13:25:56
2018-07-25 17:46:41,306 INFO  [Com.Nidec.Mes.Framework.Login.LoginForm] [llce00001]Login Click. Start : 2018-07-25 05:46:41 PM
2018-07-25 17:47:19,595 INFO  [Com.Nidec.Mes.Framework.Login.LoginForm] [llce00001]Login Click. End : 2018-07-25 05:47:19 PM
2018-07-25 18:01:13,672 INFO  [Com.Nidec.Mes.Framework.Login.LoginForm] [llce00001]Login Click. Start : 2018-07-25 06:01:13 PM
2018-07-25 18:01:32,725 INFO  [Com.Nidec.Mes.Common.Basic.MachineMaintenance.Form.AddMaintenanceMachineVTForm] [mmce00001]Record is already registered
2018-07-25 18:06:22,694 INFO  [Com.Nidec.Mes.Framework.Login.LoginForm] [llce00001]Login Click. Start : 2018-07-25 06:06:22 PM
2018-07-25 18:06:35,084 INFO  [Com.Nidec.Mes.Framework.Login.LoginForm] [llce00001]Login Click. End : 2018-07-25 06:06:35 PM
2018-07-25 18:06:41,828 INFO  [Com.Nidec.Mes.Framework.Login.LoginForm] [llce00001]Login Click. Start : 2018-07-25 06:06:41 PM
2018-07-25 18:07:03,101 INFO  [Com.Nidec.Mes.Framework.Login.LoginForm] [llce00001]Login Click. End : 2018-07-25 06:07:03 PM
2018-07-25 18:11:28,727 INFO  [Com.Nidec.Mes.Framework.Login.LoginForm] [llce00001]Login Click. Start : 2018-07-25 06:11:28 PM
2018-07-25 18:12:07,806 INFO  [Com.Nidec.Mes.Common.Basic.MachineMaintenance.Form.AddMovingMachineVTForm] [mmce00001]Record is already registered
2018-07-25 18:13:28,533 INFO  [Com.Nidec.Mes.GlobalMasterMaintenance.FormCommonMaster] [mmci00004][Void FormCommonMaster_Load(System.Object, System.EventArgs)].[FormName : Factory Master].[LoginUser : Admin Viet Long Hung] Start.
2018-07-25 18:13:30,365 INFO  [Com.Nidec.Mes.GlobalMasterMaintenance.FormCommonMaster] [mmci00005][Void FormCommonMaster_FormClosed(System.Object, System.Windows.Forms.FormClosedEventArgs)].[FormName : Factory Master].[LoginUser : Admin Viet Long Hung] End.
2018-07-25 18:14:02,261 INFO  [Com.Nidec.Mes.Framework.Login.LoginForm] [llce00001]Login Click. End : 2018-07-25 06:14:02 PM
2018-07-25 18:21:18,708 INFO  [Com.Nidec.Mes.Framework.Login.LoginForm] [llce00001]Login Click. Start : 2018-07-25 06:21:18 PM
2018-07-25 18:21:19,359 INFO  [Com.Nidec.Mes.Framework.Login.LoginForm] [llce00004]Please provide  valid input.
2018-07-25 18:21:20,430 INFO  [Com.Nidec.Mes.Framework.Login.LoginForm] [llce00001]Login Click. End : 2018-07-25 06:21:20 PM
2018-07-25 18:21:22,587 INFO  [Com.Nidec.Mes.Framework.Login.LoginForm] [llce00001]Login Click. Start : 2018-07-25 06:21:22 PM
2018-07-25 18:21:49,267 INFO  [Com.Nidec.Mes.Framework.Login.LoginForm] [llce00001]Login Click. End : 2018-07-25 06:21:49 PM
